nohup: ignoring input
>>>>extracting method info of nifi...
>>>>writing to csv files...
>>>>done.
excute time:52773ms
>>>>Project No: 1
>>>>extracting infomation for  nifi
<<<<<<<<<<<<<<<<<<<<<<<<<<<<<<<<<<<<<<<<<<<<<<<<<<<<<<<<<<<
>>>>extracting callgraph infomation of 719 jars
>>>>extracting callgraph info for nifi-api-1.11.0-SNAPSHOT.jar
>>>>extracting callgraph info for nifi-record-path-1.11.0-SNAPSHOT.jar
>>>>extracting callgraph info for nifi-write-ahead-log-1.11.0-SNAPSHOT.jar
>>>>extracting callgraph info for nifi-metrics-1.11.0-SNAPSHOT.jar
>>>>extracting callgraph info for nifi-socket-utils-1.11.0-SNAPSHOT.jar
>>>>extracting callgraph info for nifi-rocksdb-utils-1.11.0-SNAPSHOT.jar
>>>>extracting callgraph info for nifi-hl7-query-language-1.11.0-SNAPSHOT.jar
>>>>extracting callgraph info for nifi-security-utils-1.11.0-SNAPSHOT.jar
>>>>extracting callgraph info for nifi-web-utils-1.11.0-SNAPSHOT.jar
>>>>extracting callgraph info for nifi-json-utils-1.11.0-SNAPSHOT.jar
>>>>extracting callgraph info for nifi-parameter-1.11.0-SNAPSHOT.jar
>>>>extracting callgraph info for nifi-properties-1.11.0-SNAPSHOT.jar
>>>>extracting callgraph info for nifi-utils-1.11.0-SNAPSHOT.jar
>>>>extracting callgraph info for nifi-schema-utils-1.11.0-SNAPSHOT.jar
>>>>extracting callgraph info for nifi-logging-utils-1.11.0-SNAPSHOT.jar
>>>>extracting callgraph info for nifi-flowfile-packager-1.11.0-SNAPSHOT.jar
>>>>extracting callgraph info for nifi-record-1.11.0-SNAPSHOT.jar
>>>>extracting callgraph info for nifi-data-provenance-utils-1.11.0-SNAPSHOT.jar
>>>>extracting callgraph info for nifi-expression-language-1.11.0-SNAPSHOT.jar
>>>>extracting callgraph info for nifi-site-to-site-client-1.11.0-SNAPSHOT.jar
>>>>extracting callgraph info for nifi-mock-1.11.0-SNAPSHOT.jar
>>>>extracting callgraph info for nifi-hdfs-processors-1.11.0-SNAPSHOT.jar
>>>>extracting callgraph info for nifi-flowfile-packager-1.11.0-SNAPSHOT.jar
>>>>extracting callgraph info for nifi-utils-1.11.0-SNAPSHOT.jar
>>>>extracting callgraph info for nifi-hadoop-utils-1.11.0-SNAPSHOT.jar
>>>>extracting callgraph info for nifi-hdfs-processors-1.11.0-SNAPSHOT.jar
>>>>extracting callgraph info for nifi-syslog-utils-1.11.0-SNAPSHOT.jar
>>>>extracting callgraph info for nifi-service-utils-1.11.0-SNAPSHOT.jar
>>>>extracting callgraph info for nifi-processor-utils-1.11.0-SNAPSHOT.jar
>>>>extracting callgraph info for nifi-hadoop-utils-1.11.0-SNAPSHOT.jar
>>>>extracting callgraph info for nifi-avro-record-utils-1.11.0-SNAPSHOT.jar
>>>>extracting callgraph info for nifi-mock-record-utils-1.11.0-SNAPSHOT.jar
>>>>extracting callgraph info for nifi-standard-record-utils-1.11.0-SNAPSHOT.jar
>>>>extracting callgraph info for nifi-hadoop-record-utils-1.11.0-SNAPSHOT.jar
>>>>extracting callgraph info for nifi-database-utils-1.11.0-SNAPSHOT.jar
>>>>extracting callgraph info for nifi-reporting-utils-1.11.0-SNAPSHOT.jar
>>>>extracting callgraph info for nifi-utils-1.11.0-SNAPSHOT.jar
>>>>extracting callgraph info for nifi-cybersecurity-processors-1.11.0-SNAPSHOT.jar
>>>>extracting callgraph info for nifi-cybersecurity-processors-1.11.0-SNAPSHOT.jar
>>>>extracting callgraph info for nifi-druid-controller-service-1.11.0-SNAPSHOT.jar
>>>>extracting callgraph info for nifi-druid-processors-1.11.0-SNAPSHOT.jar
>>>>extracting callgraph info for nifi-utils-1.11.0-SNAPSHOT.jar
>>>>extracting callgraph info for nifi-druid-controller-service-api-1.11.0-SNAPSHOT.jar
>>>>extracting callgraph info for nifi-druid-controller-service-api-1.11.0-SNAPSHOT.jar
>>>>extracting callgraph info for nifi-druid-processors-1.11.0-SNAPSHOT.jar
>>>>extracting callgraph info for nifi-druid-controller-service-1.11.0-SNAPSHOT.jar
>>>>extracting callgraph info for nifi-proxy-configuration-api-1.11.0-SNAPSHOT.jar
>>>>extracting callgraph info for nifi-gcp-processors-1.11.0-SNAPSHOT.jar
>>>>extracting callgraph info for nifi-security-utils-1.11.0-SNAPSHOT.jar
>>>>extracting callgraph info for nifi-json-utils-1.11.0-SNAPSHOT.jar
>>>>extracting callgraph info for nifi-utils-1.11.0-SNAPSHOT.jar
>>>>extracting callgraph info for nifi-processor-utils-1.11.0-SNAPSHOT.jar
>>>>extracting callgraph info for nifi-gcp-services-api-1.11.0-SNAPSHOT.jar
>>>>extracting callgraph info for nifi-gcp-services-api-1.11.0-SNAPSHOT.jar
>>>>extracting callgraph info for nifi-gcp-processors-1.11.0-SNAPSHOT.jar
>>>>extracting callgraph info for nifi-elasticsearch-restapi-processors-1.11.0-SNAPSHOT.jar
>>>>extracting callgraph info for nifi-json-utils-1.11.0-SNAPSHOT.jar
>>>>extracting callgraph info for nifi-elasticsearch-5-processors-1.11.0-SNAPSHOT.jar
>>>>extracting callgraph info for nifi-security-utils-1.11.0-SNAPSHOT.jar
>>>>extracting callgraph info for nifi-utils-1.11.0-SNAPSHOT.jar
>>>>extracting callgraph info for nifi-processor-utils-1.11.0-SNAPSHOT.jar
>>>>extracting callgraph info for nifi-elasticsearch-client-service-api-1.11.0-SNAPSHOT.jar
>>>>extracting callgraph info for nifi-elasticsearch-client-service-1.11.0-SNAPSHOT.jar
>>>>extracting callgraph info for nifi-record-path-1.11.0-SNAPSHOT.jar
>>>>extracting callgraph info for nifi-security-utils-1.11.0-SNAPSHOT.jar
>>>>extracting callgraph info for nifi-avro-record-utils-1.11.0-SNAPSHOT.jar
>>>>extracting callgraph info for nifi-elasticsearch-client-service-1.11.0-SNAPSHOT.jar
>>>>extracting callgraph info for nifi-utils-1.11.0-SNAPSHOT.jar
>>>>extracting callgraph info for nifi-standard-record-utils-1.11.0-SNAPSHOT.jar
>>>>extracting callgraph info for nifi-elasticsearch-client-service-api-1.11.0-SNAPSHOT.jar
>>>>extracting callgraph info for nifi-utils-1.11.0-SNAPSHOT.jar
>>>>extracting callgraph info for nifi-elasticsearch-processors-1.11.0-SNAPSHOT.jar
>>>>extracting callgraph info for nifi-elasticsearch-restapi-processors-1.11.0-SNAPSHOT.jar
>>>>extracting callgraph info for nifi-elasticsearch-5-processors-1.11.0-SNAPSHOT.jar
>>>>extracting callgraph info for nifi-record-path-1.11.0-SNAPSHOT.jar
>>>>extracting callgraph info for nifi-proxy-configuration-api-1.11.0-SNAPSHOT.jar
>>>>extracting callgraph info for nifi-security-utils-1.11.0-SNAPSHOT.jar
>>>>extracting callgraph info for nifi-elasticsearch-processors-1.11.0-SNAPSHOT.jar
>>>>extracting callgraph info for nifi-utils-1.11.0-SNAPSHOT.jar
>>>>extracting callgraph info for nifi-standard-record-utils-1.11.0-SNAPSHOT.jar
>>>>extracting callgraph info for nifi-security-utils-1.11.0-SNAPSHOT.jar
>>>>extracting callgraph info for nifi-kudu-processors-1.11.0-SNAPSHOT.jar
>>>>extracting callgraph info for nifi-utils-1.11.0-SNAPSHOT.jar
>>>>extracting callgraph info for nifi-processor-utils-1.11.0-SNAPSHOT.jar
>>>>extracting callgraph info for nifi-kudu-controller-service-1.11.0-SNAPSHOT.jar
>>>>extracting callgraph info for nifi-kudu-processors-1.11.0-SNAPSHOT.jar
>>>>extracting callgraph info for nifi-kudu-controller-service-1.11.0-SNAPSHOT.jar
>>>>extracting callgraph info for nifi-ranger-plugin-1.11.0-SNAPSHOT.jar
>>>>extracting callgraph info for nifi-ranger-plugin-1.11.0-SNAPSHOT.jar
>>>>extracting callgraph info for nifi-metrics-reporter-service-api-1.11.0-SNAPSHOT.jar
>>>>extracting callgraph info for nifi-metrics-1.11.0-SNAPSHOT.jar
>>>>extracting callgraph info for nifi-metrics-reporting-task-1.11.0-SNAPSHOT.jar
>>>>extracting callgraph info for nifi-metrics-reporter-service-api-1.11.0-SNAPSHOT.jar
>>>>extracting callgraph info for nifi-metrics-1.11.0-SNAPSHOT.jar
>>>>extracting callgraph info for nifi-metrics-reporting-task-1.11.0-SNAPSHOT.jar
>>>>extracting callgraph info for nifi-utils-1.11.0-SNAPSHOT.jar
>>>>extracting callgraph info for nifi-update-attribute-processor-1.11.0-SNAPSHOT.jar
>>>>extracting callgraph info for nifi-web-utils-1.11.0-SNAPSHOT.jar
>>>>extracting callgraph info for nifi-security-utils-1.11.0-SNAPSHOT.jar
>>>>extracting callgraph info for nifi-parameter-1.11.0-SNAPSHOT.jar
>>>>extracting callgraph info for nifi-expression-language-1.11.0-SNAPSHOT.jar
>>>>extracting callgraph info for nifi-custom-ui-utilities-1.11.0-SNAPSHOT.jar
>>>>extracting callgraph info for nifi-update-attribute-model-1.11.0-SNAPSHOT.jar
>>>>extracting callgraph info for nifi-security-utils-1.11.0-SNAPSHOT.jar
>>>>extracting callgraph info for nifi-utils-1.11.0-SNAPSHOT.jar
>>>>extracting callgraph info for nifi-update-attribute-processor-1.11.0-SNAPSHOT.jar
>>>>extracting callgraph info for nifi-processor-utils-1.11.0-SNAPSHOT.jar
>>>>extracting callgraph info for nifi-update-attribute-model-1.11.0-SNAPSHOT.jar
>>>>extracting callgraph info for nifi-network-processors-1.11.0-SNAPSHOT.jar
>>>>extracting callgraph info for nifi-network-utils-1.11.0-SNAPSHOT.jar
>>>>extracting callgraph info for nifi-network-utils-1.11.0-SNAPSHOT.jar
>>>>extracting callgraph info for nifi-utils-1.11.0-SNAPSHOT.jar
>>>>extracting callgraph info for nifi-network-processors-1.11.0-SNAPSHOT.jar
>>>>extracting callgraph info for nifi-riemann-processors-1.11.0-SNAPSHOT.jar
>>>>extracting callgraph info for nifi-utils-1.11.0-SNAPSHOT.jar
>>>>extracting callgraph info for nifi-riemann-processors-1.11.0-SNAPSHOT.jar
>>>>extracting callgraph info for nifi-redis-service-api-1.11.0-SNAPSHOT.jar
>>>>extracting callgraph info for nifi-redis-extensions-1.11.0-SNAPSHOT.jar
>>>>extracting callgraph info for nifi-redis-extensions-1.11.0-SNAPSHOT.jar
>>>>extracting callgraph info for nifi-utils-1.11.0-SNAPSHOT.jar
>>>>extracting callgraph info for nifi-redis-service-api-1.11.0-SNAPSHOT.jar
>>>>extracting callgraph info for nifi-confluent-schema-registry-service-1.11.0-SNAPSHOT.jar
>>>>extracting callgraph info for nifi-web-utils-1.11.0-SNAPSHOT.jar
>>>>extracting callgraph info for nifi-confluent-schema-registry-service-1.11.0-SNAPSHOT.jar
>>>>extracting callgraph info for nifi-security-utils-1.11.0-SNAPSHOT.jar
>>>>extracting callgraph info for nifi-avro-record-utils-1.11.0-SNAPSHOT.jar
>>>>extracting callgraph info for nifi-utils-1.11.0-SNAPSHOT.jar
>>>>extracting callgraph info for nifi-standard-record-utils-1.11.0-SNAPSHOT.jar
>>>>extracting callgraph info for nifi-kerberos-iaa-providers-1.11.0-SNAPSHOT.jar
>>>>extracting callgraph info for nifi-security-utils-1.11.0-SNAPSHOT.jar
>>>>extracting callgraph info for nifi-utils-1.11.0-SNAPSHOT.jar
>>>>extracting callgraph info for nifi-kerberos-iaa-providers-1.11.0-SNAPSHOT.jar
>>>>extracting callgraph info for nifi-registry-service-1.11.0-SNAPSHOT.jar
>>>>extracting callgraph info for nifi-security-utils-1.11.0-SNAPSHOT.jar
>>>>extracting callgraph info for nifi-avro-record-utils-1.11.0-SNAPSHOT.jar
>>>>extracting callgraph info for nifi-registry-service-1.11.0-SNAPSHOT.jar
>>>>extracting callgraph info for nifi-utils-1.11.0-SNAPSHOT.jar
>>>>extracting callgraph info for nifi-standard-record-utils-1.11.0-SNAPSHOT.jar
>>>>extracting callgraph info for nifi-utils-1.11.0-SNAPSHOT.jar
>>>>extracting callgraph info for nifi-kite-processors-1.11.0-SNAPSHOT.jar
>>>>extracting callgraph info for nifi-hadoop-utils-1.11.0-SNAPSHOT.jar
>>>>extracting callgraph info for nifi-kite-processors-1.11.0-SNAPSHOT.jar
>>>>extracting callgraph info for nifi-avro-processors-1.11.0-SNAPSHOT.jar
>>>>extracting callgraph info for nifi-utils-1.11.0-SNAPSHOT.jar
>>>>extracting callgraph info for nifi-avro-processors-1.11.0-SNAPSHOT.jar
>>>>extracting callgraph info for nifi-flume-processors-1.11.0-SNAPSHOT.jar
>>>>extracting callgraph info for nifi-flume-processors-1.11.0-SNAPSHOT.jar
>>>>extracting callgraph info for nifi-flowfile-packager-1.11.0-SNAPSHOT.jar
>>>>extracting callgraph info for nifi-utils-1.11.0-SNAPSHOT.jar
>>>>extracting callgraph info for nifi-websocket-processors-1.11.0-SNAPSHOT.jar
>>>>extracting callgraph info for nifi-websocket-services-api-1.11.0-SNAPSHOT.jar
>>>>extracting callgraph info for nifi-security-utils-1.11.0-SNAPSHOT.jar
>>>>extracting callgraph info for nifi-utils-1.11.0-SNAPSHOT.jar
>>>>extracting callgraph info for nifi-processor-utils-1.11.0-SNAPSHOT.jar
>>>>extracting callgraph info for nifi-websocket-processors-1.11.0-SNAPSHOT.jar
>>>>extracting callgraph info for nifi-security-utils-1.11.0-SNAPSHOT.jar
>>>>extracting callgraph info for nifi-utils-1.11.0-SNAPSHOT.jar
>>>>extracting callgraph info for nifi-processor-utils-1.11.0-SNAPSHOT.jar
>>>>extracting callgraph info for nifi-websocket-services-jetty-1.11.0-SNAPSHOT.jar
>>>>extracting callgraph info for nifi-websocket-services-jetty-1.11.0-SNAPSHOT.jar
>>>>extracting callgraph info for nifi-websocket-services-api-1.11.0-SNAPSHOT.jar
>>>>extracting callgraph info for nifi-security-utils-1.11.0-SNAPSHOT.jar
>>>>extracting callgraph info for nifi-utils-1.11.0-SNAPSHOT.jar
>>>>extracting callgraph info for nifi-processor-utils-1.11.0-SNAPSHOT.jar
>>>>extracting callgraph info for nifi-websocket-services-api-1.11.0-SNAPSHOT.jar
>>>>extracting callgraph info for nifi-mongodb-processors-1.11.0-SNAPSHOT.jar
>>>>extracting callgraph info for nifi-security-utils-1.11.0-SNAPSHOT.jar
>>>>extracting callgraph info for nifi-json-utils-1.11.0-SNAPSHOT.jar
>>>>extracting callgraph info for nifi-utils-1.11.0-SNAPSHOT.jar
>>>>extracting callgraph info for nifi-processor-utils-1.11.0-SNAPSHOT.jar
>>>>extracting callgraph info for nifi-mongodb-processors-1.11.0-SNAPSHOT.jar
>>>>extracting callgraph info for nifi-mongodb-services-1.11.0-SNAPSHOT.jar
>>>>extracting callgraph info for nifi-security-utils-1.11.0-SNAPSHOT.jar
>>>>extracting callgraph info for nifi-avro-record-utils-1.11.0-SNAPSHOT.jar
>>>>extracting callgraph info for nifi-json-utils-1.11.0-SNAPSHOT.jar
>>>>extracting callgraph info for nifi-utils-1.11.0-SNAPSHOT.jar
>>>>extracting callgraph info for nifi-standard-record-utils-1.11.0-SNAPSHOT.jar
>>>>extracting callgraph info for nifi-processor-utils-1.11.0-SNAPSHOT.jar
>>>>extracting callgraph info for nifi-mongodb-client-service-api-1.11.0-SNAPSHOT.jar
>>>>extracting callgraph info for nifi-mongodb-services-1.11.0-SNAPSHOT.jar
>>>>extracting callgraph info for nifi-mongodb-client-service-api-1.11.0-SNAPSHOT.jar
>>>>extracting callgraph info for nifi-json-utils-1.11.0-SNAPSHOT.jar
>>>>extracting callgraph info for nifi-utils-1.11.0-SNAPSHOT.jar
>>>>extracting callgraph info for nifi-windows-event-log-processors-1.11.0-SNAPSHOT.jar
>>>>extracting callgraph info for nifi-windows-event-log-processors-1.11.0-SNAPSHOT.jar
>>>>extracting callgraph info for nifi-utils-1.11.0-SNAPSHOT.jar
>>>>extracting callgraph info for nifi-beats-processors-1.11.0-SNAPSHOT.jar
>>>>extracting callgraph info for nifi-security-utils-1.11.0-SNAPSHOT.jar
>>>>extracting callgraph info for nifi-socket-utils-1.11.0-SNAPSHOT.jar
>>>>extracting callgraph info for nifi-beats-processors-1.11.0-SNAPSHOT.jar
>>>>extracting callgraph info for nifi-flowfile-packager-1.11.0-SNAPSHOT.jar
>>>>extracting callgraph info for nifi-utils-1.11.0-SNAPSHOT.jar
>>>>extracting callgraph info for nifi-logging-utils-1.11.0-SNAPSHOT.jar
>>>>extracting callgraph info for nifi-processor-utils-1.11.0-SNAPSHOT.jar
>>>>extracting callgraph info for nifi-web-utils-1.11.0-SNAPSHOT.jar
>>>>extracting callgraph info for nifi-client-dto-1.11.0-SNAPSHOT.jar
>>>>extracting callgraph info for nifi-framework-nar-loading-utils-1.11.0-SNAPSHOT.jar
>>>>extracting callgraph info for nifi-ui-extension-1.11.0-SNAPSHOT.jar
>>>>extracting callgraph info for nifi-file-authorizer-1.11.0-SNAPSHOT.jar
>>>>extracting callgraph info for nifi-site-to-site-client-1.11.0-SNAPSHOT.jar
>>>>extracting callgraph info for nifi-administration-1.11.0-SNAPSHOT.jar
>>>>extracting callgraph info for nifi-standard-prioritizers-1.11.0-SNAPSHOT.jar
>>>>extracting callgraph info for nifi-framework-cluster-1.11.0-SNAPSHOT.jar
>>>>extracting callgraph info for nifi-security-1.11.0-SNAPSHOT.jar
>>>>extracting callgraph info for nifi-framework-authorization-1.11.0-SNAPSHOT.jar
>>>>extracting callgraph info for nifi-repository-models-1.11.0-SNAPSHOT.jar
>>>>extracting callgraph info for nifi-write-ahead-log-1.11.0-SNAPSHOT.jar
>>>>extracting callgraph info for nifi-security-utils-1.11.0-SNAPSHOT.jar
>>>>extracting callgraph info for nifi-web-security-1.11.0-SNAPSHOT.jar
>>>>extracting callgraph info for nifi-stateless-1.11.0-SNAPSHOT.jar
>>>>extracting callgraph info for nifi-socket-utils-1.11.0-SNAPSHOT.jar
>>>>extracting callgraph info for nifi-registry-client-0.5.0.jar
>>>>extracting callgraph info for nifi-rocksdb-utils-1.11.0-SNAPSHOT.jar
>>>>extracting callgraph info for nifi-schema-utils-1.11.0-SNAPSHOT.jar
>>>>extracting callgraph info for nifi-parameter-1.11.0-SNAPSHOT.jar
>>>>extracting callgraph info for nifi-user-actions-1.11.0-SNAPSHOT.jar
>>>>extracting callgraph info for nifi-jetty-1.11.0-SNAPSHOT.jar
>>>>extracting callgraph info for nifi-expression-language-1.11.0-SNAPSHOT.jar
>>>>extracting callgraph info for nifi-data-provenance-utils-1.11.0-SNAPSHOT.jar
>>>>extracting callgraph info for nifi-registry-security-utils-0.5.0.jar
>>>>extracting callgraph info for nifi-utils-1.11.0-SNAPSHOT.jar
>>>>extracting callgraph info for nifi-web-content-access-1.11.0-SNAPSHOT.jar
>>>>extracting callgraph info for nifi-shell-authorizer-1.11.0-SNAPSHOT.jar
>>>>extracting callgraph info for nifi-web-optimistic-locking-1.11.0-SNAPSHOT.jar
>>>>extracting callgraph info for nifi-framework-cluster-protocol-1.11.0-SNAPSHOT.jar
>>>>extracting callgraph info for nifi-logging-utils-1.11.0-SNAPSHOT.jar
>>>>extracting callgraph info for nifi-framework-core-api-1.11.0-SNAPSHOT.jar
>>>>extracting callgraph info for nifi-documentation-1.11.0-SNAPSHOT.jar
>>>>extracting callgraph info for nifi-mock-authorizer-1.11.0-SNAPSHOT.jar
>>>>extracting callgraph info for nifi-properties-loader-1.11.0-SNAPSHOT.jar
>>>>extracting callgraph info for nifi-framework-core-1.11.0-SNAPSHOT.jar
>>>>extracting callgraph info for nifi-authorizer-1.11.0-SNAPSHOT.jar
>>>>extracting callgraph info for nifi-flowfile-repo-serialization-1.11.0-SNAPSHOT.jar
>>>>extracting callgraph info for nifi-framework-nar-utils-1.11.0-SNAPSHOT.jar
>>>>extracting callgraph info for nifi-custom-ui-utilities-1.11.0-SNAPSHOT.jar
>>>>extracting callgraph info for nifi-registry-data-model-0.5.0.jar
>>>>extracting callgraph info for nifi-registry-flow-diff-0.5.0.jar
>>>>extracting callgraph info for nifi-site-to-site-1.11.0-SNAPSHOT.jar
>>>>extracting callgraph info for nifi-framework-authorization-1.11.0-SNAPSHOT.jar
>>>>extracting callgraph info for nifi-client-dto-1.11.0-SNAPSHOT.jar
>>>>extracting callgraph info for nifi-shell-authorizer-1.11.0-SNAPSHOT.jar
>>>>extracting callgraph info for nifi-properties-loader-1.11.0-SNAPSHOT.jar
>>>>extracting callgraph info for nifi-file-authorizer-1.11.0-SNAPSHOT.jar
>>>>extracting callgraph info for nifi-stateless-1.11.0-SNAPSHOT.jar
>>>>extracting callgraph info for nifi-flowfile-repo-serialization-1.11.0-SNAPSHOT.jar
>>>>extracting callgraph info for nifi-documentation-1.11.0-SNAPSHOT.jar
>>>>extracting callgraph info for nifi-site-to-site-1.11.0-SNAPSHOT.jar
>>>>extracting callgraph info for nifi-authorizer-1.11.0-SNAPSHOT.jar
>>>>extracting callgraph info for nifi-web-security-1.11.0-SNAPSHOT.jar
>>>>extracting callgraph info for nifi-ui-extension-1.11.0-SNAPSHOT.jar
>>>>extracting callgraph info for nifi-web-content-access-1.11.0-SNAPSHOT.jar
>>>>extracting callgraph info for nifi-jetty-1.11.0-SNAPSHOT.jar
>>>>extracting callgraph info for nifi-web-optimistic-locking-1.11.0-SNAPSHOT.jar
>>>>extracting callgraph info for nifi-custom-ui-utilities-1.11.0-SNAPSHOT.jar
>>>>extracting callgraph info for nifi-web-api-1.11.0-SNAPSHOT.jar
>>>>extracting callgraph info for nifi-user-actions-1.11.0-SNAPSHOT.jar
>>>>extracting callgraph info for nifi-framework-core-1.11.0-SNAPSHOT.jar
>>>>extracting callgraph info for nifi-nar-utils-1.11.0-SNAPSHOT.jar
>>>>extracting callgraph info for nifi-framework-cluster-1.11.0-SNAPSHOT.jar
>>>>extracting callgraph info for nifi-framework-cluster-protocol-1.11.0-SNAPSHOT.jar
>>>>extracting callgraph info for nifi-security-1.11.0-SNAPSHOT.jar
>>>>extracting callgraph info for nifi-administration-1.11.0-SNAPSHOT.jar
>>>>extracting callgraph info for nifi-framework-core-api-1.11.0-SNAPSHOT.jar
>>>>extracting callgraph info for nifi-framework-nar-loading-utils-1.11.0-SNAPSHOT.jar
>>>>extracting callgraph info for nifi-mock-authorizer-1.11.0-SNAPSHOT.jar
>>>>extracting callgraph info for nifi-repository-models-1.11.0-SNAPSHOT.jar
>>>>extracting callgraph info for nifi-framework-nar-utils-1.11.0-SNAPSHOT.jar
>>>>extracting callgraph info for nifi-standard-prioritizers-1.11.0-SNAPSHOT.jar
>>>>extracting callgraph info for nifi-runtime-1.11.0-SNAPSHOT.jar
>>>>extracting callgraph info for nifi-hbase-processors-1.11.0-SNAPSHOT.jar
>>>>extracting callgraph info for nifi-record-path-1.11.0-SNAPSHOT.jar
>>>>extracting callgraph info for nifi-security-utils-1.11.0-SNAPSHOT.jar
>>>>extracting callgraph info for nifi-hbase-processors-1.11.0-SNAPSHOT.jar
>>>>extracting callgraph info for nifi-utils-1.11.0-SNAPSHOT.jar
>>>>extracting callgraph info for nifi-processor-utils-1.11.0-SNAPSHOT.jar
>>>>extracting callgraph info for nifi-atlas-reporting-task-1.11.0-SNAPSHOT.jar
>>>>extracting callgraph info for nifi-security-utils-1.11.0-SNAPSHOT.jar
>>>>extracting callgraph info for nifi-metrics-1.11.0-SNAPSHOT.jar
>>>>extracting callgraph info for nifi-utils-1.11.0-SNAPSHOT.jar
>>>>extracting callgraph info for nifi-reporting-utils-1.11.0-SNAPSHOT.jar
>>>>extracting callgraph info for nifi-processor-utils-1.11.0-SNAPSHOT.jar
>>>>extracting callgraph info for nifi-atlas-reporting-task-1.11.0-SNAPSHOT.jar
>>>>extracting callgraph info for nifi-ldap-iaa-providers-1.11.0-SNAPSHOT.jar
>>>>extracting callgraph info for nifi-security-utils-1.11.0-SNAPSHOT.jar
>>>>extracting callgraph info for nifi-ldap-iaa-providers-1.11.0-SNAPSHOT.jar
>>>>extracting callgraph info for nifi-utils-1.11.0-SNAPSHOT.jar
>>>>extracting callgraph info for nifi-record-serialization-services-1.11.0-SNAPSHOT.jar
>>>>extracting callgraph info for nifi-security-utils-1.11.0-SNAPSHOT.jar
>>>>extracting callgraph info for nifi-avro-record-utils-1.11.0-SNAPSHOT.jar
>>>>extracting callgraph info for nifi-utils-1.11.0-SNAPSHOT.jar
>>>>extracting callgraph info for nifi-record-serialization-services-1.11.0-SNAPSHOT.jar
>>>>extracting callgraph info for nifi-standard-record-utils-1.11.0-SNAPSHOT.jar
>>>>extracting callgraph info for nifi-syslog-utils-1.11.0-SNAPSHOT.jar
>>>>extracting callgraph info for nifi-lookup-service-api-1.11.0-SNAPSHOT.jar
>>>>extracting callgraph info for nifi-http-context-map-api-1.11.0-SNAPSHOT.jar
>>>>extracting callgraph info for nifi-distributed-cache-client-service-api-1.11.0-SNAPSHOT.jar
>>>>extracting callgraph info for nifi-rules-engine-service-api-1.11.0-SNAPSHOT.jar
>>>>extracting callgraph info for nifi-proxy-configuration-1.11.0-SNAPSHOT.jar
>>>>extracting callgraph info for nifi-proxy-configuration-api-1.11.0-SNAPSHOT.jar
>>>>extracting callgraph info for nifi-standard-utils-1.11.0-SNAPSHOT.jar
>>>>extracting callgraph info for nifi-utils-1.11.0-SNAPSHOT.jar
>>>>extracting callgraph info for nifi-proxy-configuration-1.11.0-SNAPSHOT.jar
>>>>extracting callgraph info for nifi-http-context-map-1.11.0-SNAPSHOT.jar
>>>>extracting callgraph info for nifi-http-context-map-1.11.0-SNAPSHOT.jar
>>>>extracting callgraph info for nifi-utils-1.11.0-SNAPSHOT.jar
>>>>extracting callgraph info for nifi-kerberos-credentials-service-1.11.0-SNAPSHOT.jar
>>>>extracting callgraph info for nifi-utils-1.11.0-SNAPSHOT.jar
>>>>extracting callgraph info for nifi-kerberos-credentials-service-1.11.0-SNAPSHOT.jar
>>>>extracting callgraph info for nifi-ssl-context-service-api-1.11.0-SNAPSHOT.jar
>>>>extracting callgraph info for nifi-kerberos-credentials-service-api-1.11.0-SNAPSHOT.jar
>>>>extracting callgraph info for nifi-security-utils-1.11.0-SNAPSHOT.jar
>>>>extracting callgraph info for nifi-avro-record-utils-1.11.0-SNAPSHOT.jar
>>>>extracting callgraph info for nifi-utils-1.11.0-SNAPSHOT.jar
>>>>extracting callgraph info for nifi-standard-record-utils-1.11.0-SNAPSHOT.jar
>>>>extracting callgraph info for nifi-hwx-schema-registry-service-1.11.0-SNAPSHOT.jar
>>>>extracting callgraph info for nifi-hwx-schema-registry-service-1.11.0-SNAPSHOT.jar
>>>>extracting callgraph info for nifi-proxy-configuration-api-1.11.0-SNAPSHOT.jar
>>>>extracting callgraph info for nifi-dbcp-service-api-1.11.0-SNAPSHOT.jar
>>>>extracting callgraph info for nifi-load-distribution-service-api-1.11.0-SNAPSHOT.jar
>>>>extracting callgraph info for nifi-record-serialization-service-api-1.11.0-SNAPSHOT.jar
>>>>extracting callgraph info for nifi-lookup-services-1.11.0-SNAPSHOT.jar
>>>>extracting callgraph info for nifi-dbcp-service-api-1.11.0-SNAPSHOT.jar
>>>>extracting callgraph info for nifi-record-path-1.11.0-SNAPSHOT.jar
>>>>extracting callgraph info for nifi-proxy-configuration-api-1.11.0-SNAPSHOT.jar
>>>>extracting callgraph info for nifi-security-utils-1.11.0-SNAPSHOT.jar
>>>>extracting callgraph info for nifi-database-utils-1.11.0-SNAPSHOT.jar
>>>>extracting callgraph info for nifi-avro-record-utils-1.11.0-SNAPSHOT.jar
>>>>extracting callgraph info for nifi-parameter-1.11.0-SNAPSHOT.jar
>>>>extracting callgraph info for nifi-lookup-services-1.11.0-SNAPSHOT.jar
>>>>extracting callgraph info for nifi-expression-language-1.11.0-SNAPSHOT.jar
>>>>extracting callgraph info for nifi-utils-1.11.0-SNAPSHOT.jar
>>>>extracting callgraph info for nifi-standard-record-utils-1.11.0-SNAPSHOT.jar
>>>>extracting callgraph info for nifi-processor-utils-1.11.0-SNAPSHOT.jar
>>>>extracting callgraph info for nifi-service-utils-1.11.0-SNAPSHOT.jar
>>>>extracting callgraph info for nifi-security-utils-1.11.0-SNAPSHOT.jar
>>>>extracting callgraph info for nifi-utils-1.11.0-SNAPSHOT.jar
>>>>extracting callgraph info for nifi-dbcp-service-1.11.0-SNAPSHOT.jar
>>>>extracting callgraph info for nifi-dbcp-service-1.11.0-SNAPSHOT.jar
>>>>extracting callgraph info for nifi-ssl-context-service-1.11.0-SNAPSHOT.jar
>>>>extracting callgraph info for nifi-security-utils-1.11.0-SNAPSHOT.jar
>>>>extracting callgraph info for nifi-utils-1.11.0-SNAPSHOT.jar
>>>>extracting callgraph info for nifi-ssl-context-service-1.11.0-SNAPSHOT.jar
>>>>extracting callgraph info for nifi-dbcp-service-api-1.11.0-SNAPSHOT.jar
>>>>extracting callgraph info for nifi-schema-registry-service-api-1.11.0-SNAPSHOT.jar
>>>>extracting callgraph info for nifi-kerberos-credentials-service-api-1.11.0-SNAPSHOT.jar
>>>>extracting callgraph info for nifi-proxy-configuration-api-1.11.0-SNAPSHOT.jar
>>>>extracting callgraph info for nifi-rules-engine-service-api-1.11.0-SNAPSHOT.jar
>>>>extracting callgraph info for nifi-record-serialization-service-api-1.11.0-SNAPSHOT.jar
>>>>extracting callgraph info for nifi-record-1.11.0-SNAPSHOT.jar
>>>>extracting callgraph info for nifi-http-context-map-api-1.11.0-SNAPSHOT.jar
>>>>extracting callgraph info for nifi-utils-1.11.0-SNAPSHOT.jar
>>>>extracting callgraph info for nifi-hbase-client-service-api-1.11.0-SNAPSHOT.jar
>>>>extracting callgraph info for nifi-ssl-context-service-api-1.11.0-SNAPSHOT.jar
>>>>extracting callgraph info for nifi-distributed-cache-client-service-api-1.11.0-SNAPSHOT.jar
>>>>extracting callgraph info for nifi-lookup-service-api-1.11.0-SNAPSHOT.jar
>>>>extracting callgraph info for nifi-load-distribution-service-api-1.11.0-SNAPSHOT.jar
>>>>extracting callgraph info for nifi-record-sink-api-1.11.0-SNAPSHOT.jar
>>>>extracting callgraph info for nifi-distributed-cache-server-1.11.0-SNAPSHOT.jar
>>>>extracting callgraph info for nifi-distributed-cache-client-service-1.11.0-SNAPSHOT.jar
>>>>extracting callgraph info for nifi-distributed-cache-protocol-1.11.0-SNAPSHOT.jar
>>>>extracting callgraph info for nifi-distributed-cache-client-service-1.11.0-SNAPSHOT.jar
>>>>extracting callgraph info for nifi-write-ahead-log-1.11.0-SNAPSHOT.jar
>>>>extracting callgraph info for nifi-security-utils-1.11.0-SNAPSHOT.jar
>>>>extracting callgraph info for nifi-distributed-cache-server-1.11.0-SNAPSHOT.jar
>>>>extracting callgraph info for nifi-utils-1.11.0-SNAPSHOT.jar
>>>>extracting callgraph info for nifi-processor-utils-1.11.0-SNAPSHOT.jar
>>>>extracting callgraph info for nifi-distributed-cache-protocol-1.11.0-SNAPSHOT.jar
>>>>extracting callgraph info for nifi-hbase-client-service-api-1.11.0-SNAPSHOT.jar
>>>>extracting callgraph info for nifi-hbase_1_1_2-client-service-1.11.0-SNAPSHOT.jar
>>>>extracting callgraph info for nifi-hbase_1_1_2-client-service-1.11.0-SNAPSHOT.jar
>>>>extracting callgraph info for nifi-utils-1.11.0-SNAPSHOT.jar
>>>>extracting callgraph info for nifi-hadoop-utils-1.11.0-SNAPSHOT.jar
>>>>extracting callgraph info for nifi-schema-registry-service-api-1.11.0-SNAPSHOT.jar
>>>>extracting callgraph info for nifi-hbase_2-client-service-1.11.0-SNAPSHOT.jar
>>>>extracting callgraph info for nifi-utils-1.11.0-SNAPSHOT.jar
>>>>extracting callgraph info for nifi-hbase_2-client-service-1.11.0-SNAPSHOT.jar
>>>>extracting callgraph info for nifi-hadoop-utils-1.11.0-SNAPSHOT.jar
>>>>extracting callgraph info for nifi-record-sink-api-1.11.0-SNAPSHOT.jar
>>>>extracting callgraph info for nifi-evtx-processors-1.11.0-SNAPSHOT.jar
>>>>extracting callgraph info for nifi-utils-1.11.0-SNAPSHOT.jar
>>>>extracting callgraph info for nifi-evtx-processors-1.11.0-SNAPSHOT.jar
>>>>extracting callgraph info for nifi-utils-1.11.0-SNAPSHOT.jar
>>>>extracting callgraph info for nifi-influxdb-processors-1.11.0-SNAPSHOT.jar
>>>>extracting callgraph info for nifi-influxdb-processors-1.11.0-SNAPSHOT.jar
>>>>extracting callgraph info for nifi-security-utils-1.11.0-SNAPSHOT.jar
>>>>extracting callgraph info for nifi-utils-1.11.0-SNAPSHOT.jar
>>>>extracting callgraph info for nifi-standard-record-utils-1.11.0-SNAPSHOT.jar
>>>>extracting callgraph info for nifi-poi-processors-1.11.0-SNAPSHOT.jar
>>>>extracting callgraph info for nifi-processor-utils-1.11.0-SNAPSHOT.jar
>>>>extracting callgraph info for nifi-poi-processors-1.11.0-SNAPSHOT.jar
>>>>extracting callgraph info for nifi-yandex-processors-1.11.0-SNAPSHOT.jar
>>>>extracting callgraph info for nifi-web-utils-1.11.0-SNAPSHOT.jar
>>>>extracting callgraph info for nifi-yandex-processors-1.11.0-SNAPSHOT.jar
>>>>extracting callgraph info for nifi-security-utils-1.11.0-SNAPSHOT.jar
>>>>extracting callgraph info for nifi-utils-1.11.0-SNAPSHOT.jar
>>>>extracting callgraph info for nifi-record-path-1.11.0-SNAPSHOT.jar
>>>>extracting callgraph info for nifi-enrich-processors-1.11.0-SNAPSHOT.jar
>>>>extracting callgraph info for nifi-utils-1.11.0-SNAPSHOT.jar
>>>>extracting callgraph info for nifi-enrich-processors-1.11.0-SNAPSHOT.jar
>>>>extracting callgraph info for nifi-volatile-provenance-repository-1.11.0-SNAPSHOT.jar
>>>>extracting callgraph info for nifi-security-utils-1.11.0-SNAPSHOT.jar
>>>>extracting callgraph info for nifi-schema-utils-1.11.0-SNAPSHOT.jar
>>>>extracting callgraph info for nifi-data-provenance-utils-1.11.0-SNAPSHOT.jar
>>>>extracting callgraph info for nifi-utils-1.11.0-SNAPSHOT.jar
>>>>extracting callgraph info for nifi-properties-loader-1.11.0-SNAPSHOT.jar
>>>>extracting callgraph info for nifi-persistent-provenance-repository-1.11.0-SNAPSHOT.jar
>>>>extracting callgraph info for nifi-persistent-provenance-repository-1.11.0-SNAPSHOT.jar
>>>>extracting callgraph info for nifi-volatile-provenance-repository-1.11.0-SNAPSHOT.jar
>>>>extracting callgraph info for nifi-html-processors-1.11.0-SNAPSHOT.jar
>>>>extracting callgraph info for nifi-utils-1.11.0-SNAPSHOT.jar
>>>>extracting callgraph info for nifi-html-processors-1.11.0-SNAPSHOT.jar
>>>>extracting callgraph info for nifi-kafka-1-0-processors-1.11.0-SNAPSHOT.jar
>>>>extracting callgraph info for nifi-kafka-0-8-processors-1.11.0-SNAPSHOT.jar
>>>>extracting callgraph info for nifi-security-utils-1.11.0-SNAPSHOT.jar
>>>>extracting callgraph info for nifi-utils-1.11.0-SNAPSHOT.jar
>>>>extracting callgraph info for nifi-processor-utils-1.11.0-SNAPSHOT.jar
>>>>extracting callgraph info for nifi-record-path-1.11.0-SNAPSHOT.jar
>>>>extracting callgraph info for nifi-security-utils-1.11.0-SNAPSHOT.jar
>>>>extracting callgraph info for nifi-utils-1.11.0-SNAPSHOT.jar
>>>>extracting callgraph info for nifi-kafka-2-0-processors-1.11.0-SNAPSHOT.jar
>>>>extracting callgraph info for nifi-processor-utils-1.11.0-SNAPSHOT.jar
>>>>extracting callgraph info for nifi-security-utils-1.11.0-SNAPSHOT.jar
>>>>extracting callgraph info for nifi-utils-1.11.0-SNAPSHOT.jar
>>>>extracting callgraph info for nifi-kafka-0-11-processors-1.11.0-SNAPSHOT.jar
>>>>extracting callgraph info for nifi-processor-utils-1.11.0-SNAPSHOT.jar
>>>>extracting callgraph info for nifi-record-path-1.11.0-SNAPSHOT.jar
>>>>extracting callgraph info for nifi-security-utils-1.11.0-SNAPSHOT.jar
>>>>extracting callgraph info for nifi-kafka-1-0-processors-1.11.0-SNAPSHOT.jar
>>>>extracting callgraph info for nifi-utils-1.11.0-SNAPSHOT.jar
>>>>extracting callgraph info for nifi-processor-utils-1.11.0-SNAPSHOT.jar
>>>>extracting callgraph info for nifi-kafka-0-11-processors-1.11.0-SNAPSHOT.jar
>>>>extracting callgraph info for nifi-kafka-0-9-processors-1.11.0-SNAPSHOT.jar
>>>>extracting callgraph info for nifi-kafka-0-10-processors-1.11.0-SNAPSHOT.jar
>>>>extracting callgraph info for nifi-security-utils-1.11.0-SNAPSHOT.jar
>>>>extracting callgraph info for nifi-kafka-0-10-processors-1.11.0-SNAPSHOT.jar
>>>>extracting callgraph info for nifi-utils-1.11.0-SNAPSHOT.jar
>>>>extracting callgraph info for nifi-processor-utils-1.11.0-SNAPSHOT.jar
>>>>extracting callgraph info for nifi-security-utils-1.11.0-SNAPSHOT.jar
>>>>extracting callgraph info for nifi-utils-1.11.0-SNAPSHOT.jar
>>>>extracting callgraph info for nifi-processor-utils-1.11.0-SNAPSHOT.jar
>>>>extracting callgraph info for nifi-kafka-0-9-processors-1.11.0-SNAPSHOT.jar
>>>>extracting callgraph info for nifi-kafka-0-8-processors-1.11.0-SNAPSHOT.jar
>>>>extracting callgraph info for nifi-kafka-2-0-processors-1.11.0-SNAPSHOT.jar
>>>>extracting callgraph info for nifi-groovyx-processors-1.11.0-SNAPSHOT.jar
>>>>extracting callgraph info for nifi-security-utils-1.11.0-SNAPSHOT.jar
>>>>extracting callgraph info for nifi-groovyx-processors-1.11.0-SNAPSHOT.jar
>>>>extracting callgraph info for nifi-utils-1.11.0-SNAPSHOT.jar
>>>>extracting callgraph info for nifi-processor-utils-1.11.0-SNAPSHOT.jar
>>>>extracting callgraph info for nifi-utils-1.11.0-SNAPSHOT.jar
>>>>extracting callgraph info for nifi-slack-processors-1.11.0-SNAPSHOT.jar
>>>>extracting callgraph info for nifi-slack-processors-1.11.0-SNAPSHOT.jar
>>>>extracting callgraph info for nifi-metrics-1.11.0-SNAPSHOT.jar
>>>>extracting callgraph info for nifi-datadog-reporting-task-1.11.0-SNAPSHOT.jar
>>>>extracting callgraph info for nifi-utils-1.11.0-SNAPSHOT.jar
>>>>extracting callgraph info for nifi-datadog-reporting-task-1.11.0-SNAPSHOT.jar
>>>>extracting callgraph info for nifi-security-utils-1.11.0-SNAPSHOT.jar
>>>>extracting callgraph info for nifi-avro-record-utils-1.11.0-SNAPSHOT.jar
>>>>extracting callgraph info for nifi-json-utils-1.11.0-SNAPSHOT.jar
>>>>extracting callgraph info for nifi-utils-1.11.0-SNAPSHOT.jar
>>>>extracting callgraph info for nifi-other-graph-services-1.11.0-SNAPSHOT.jar
>>>>extracting callgraph info for nifi-standard-record-utils-1.11.0-SNAPSHOT.jar
>>>>extracting callgraph info for nifi-processor-utils-1.11.0-SNAPSHOT.jar
>>>>extracting callgraph info for nifi-other-graph-services-1.11.0-SNAPSHOT.jar
>>>>extracting callgraph info for nifi-graph-client-service-api-1.11.0-SNAPSHOT.jar
>>>>extracting callgraph info for nifi-security-utils-1.11.0-SNAPSHOT.jar
>>>>extracting callgraph info for nifi-avro-record-utils-1.11.0-SNAPSHOT.jar
>>>>extracting callgraph info for nifi-neo4j-cypher-service-1.11.0-SNAPSHOT.jar
>>>>extracting callgraph info for nifi-json-utils-1.11.0-SNAPSHOT.jar
>>>>extracting callgraph info for nifi-utils-1.11.0-SNAPSHOT.jar
>>>>extracting callgraph info for nifi-standard-record-utils-1.11.0-SNAPSHOT.jar
>>>>extracting callgraph info for nifi-processor-utils-1.11.0-SNAPSHOT.jar
>>>>extracting callgraph info for nifi-utils-1.11.0-SNAPSHOT.jar
>>>>extracting callgraph info for nifi-graph-processors-1.11.0-SNAPSHOT.jar
>>>>extracting callgraph info for nifi-graph-client-service-api-1.11.0-SNAPSHOT.jar
>>>>extracting callgraph info for nifi-neo4j-cypher-service-1.11.0-SNAPSHOT.jar
>>>>extracting callgraph info for nifi-graph-processors-1.11.0-SNAPSHOT.jar
>>>>extracting callgraph info for nifi-utils-1.11.0-SNAPSHOT.jar
>>>>extracting callgraph info for nifi-graph-client-service-api-1.11.0-SNAPSHOT.jar
>>>>extracting callgraph info for nifi-record-path-1.11.0-SNAPSHOT.jar
>>>>extracting callgraph info for nifi-solr-processors-1.11.0-SNAPSHOT.jar
>>>>extracting callgraph info for nifi-security-utils-1.11.0-SNAPSHOT.jar
>>>>extracting callgraph info for nifi-utils-1.11.0-SNAPSHOT.jar
>>>>extracting callgraph info for nifi-processor-utils-1.11.0-SNAPSHOT.jar
>>>>extracting callgraph info for nifi-solr-processors-1.11.0-SNAPSHOT.jar
>>>>extracting callgraph info for nifi-utils-1.11.0-SNAPSHOT.jar
>>>>extracting callgraph info for nifi-media-processors-1.11.0-SNAPSHOT.jar
>>>>extracting callgraph info for nifi-media-processors-1.11.0-SNAPSHOT.jar
>>>>extracting callgraph info for nifi-aws-processors-1.11.0-SNAPSHOT.jar
>>>>extracting callgraph info for nifi-aws-abstract-processors-1.11.0-SNAPSHOT.jar
>>>>extracting callgraph info for nifi-aws-service-api-1.11.0-SNAPSHOT.jar
>>>>extracting callgraph info for nifi-aws-service-api-1.11.0-SNAPSHOT.jar
>>>>extracting callgraph info for nifi-proxy-configuration-api-1.11.0-SNAPSHOT.jar
>>>>extracting callgraph info for nifi-security-utils-1.11.0-SNAPSHOT.jar
>>>>extracting callgraph info for nifi-aws-processors-1.11.0-SNAPSHOT.jar
>>>>extracting callgraph info for nifi-utils-1.11.0-SNAPSHOT.jar
>>>>extracting callgraph info for nifi-aws-abstract-processors-1.11.0-SNAPSHOT.jar
>>>>extracting callgraph info for nifi-processor-utils-1.11.0-SNAPSHOT.jar
>>>>extracting callgraph info for nifi-security-utils-1.11.0-SNAPSHOT.jar
>>>>extracting callgraph info for nifi-utils-1.11.0-SNAPSHOT.jar
>>>>extracting callgraph info for nifi-splunk-processors-1.11.0-SNAPSHOT.jar
>>>>extracting callgraph info for nifi-processor-utils-1.11.0-SNAPSHOT.jar
>>>>extracting callgraph info for nifi-splunk-processors-1.11.0-SNAPSHOT.jar
>>>>extracting callgraph info for nifi-parquet-processors-1.11.0-SNAPSHOT.jar
>>>>extracting callgraph info for nifi-parquet-processors-1.11.0-SNAPSHOT.jar
>>>>extracting callgraph info for nifi-security-utils-1.11.0-SNAPSHOT.jar
>>>>extracting callgraph info for nifi-avro-record-utils-1.11.0-SNAPSHOT.jar
>>>>extracting callgraph info for nifi-utils-1.11.0-SNAPSHOT.jar
>>>>extracting callgraph info for nifi-standard-record-utils-1.11.0-SNAPSHOT.jar
>>>>extracting callgraph info for nifi-hadoop-record-utils-1.11.0-SNAPSHOT.jar
>>>>extracting callgraph info for nifi-hadoop-utils-1.11.0-SNAPSHOT.jar
>>>>extracting callgraph info for nifi-couchbase-processors-1.11.0-SNAPSHOT.jar
>>>>extracting callgraph info for nifi-couchbase-services-api-1.11.0-SNAPSHOT.jar
>>>>extracting callgraph info for nifi-couchbase-services-api-1.11.0-SNAPSHOT.jar
>>>>extracting callgraph info for nifi-couchbase-processors-1.11.0-SNAPSHOT.jar
>>>>extracting callgraph info for nifi-utils-1.11.0-SNAPSHOT.jar
>>>>extracting callgraph info for nifi-jms-processors-1.11.0-SNAPSHOT.jar
>>>>extracting callgraph info for nifi-security-utils-1.11.0-SNAPSHOT.jar
>>>>extracting callgraph info for nifi-utils-1.11.0-SNAPSHOT.jar
>>>>extracting callgraph info for nifi-processor-utils-1.11.0-SNAPSHOT.jar
>>>>extracting callgraph info for nifi-jms-cf-service-1.11.0-SNAPSHOT.jar
>>>>extracting callgraph info for nifi-jms-cf-service-1.11.0-SNAPSHOT.jar
>>>>extracting callgraph info for nifi-jms-processors-1.11.0-SNAPSHOT.jar
>>>>extracting callgraph info for nifi-stateful-analysis-processors-1.11.0-SNAPSHOT.jar
>>>>extracting callgraph info for nifi-security-utils-1.11.0-SNAPSHOT.jar
>>>>extracting callgraph info for nifi-stateful-analysis-processors-1.11.0-SNAPSHOT.jar
>>>>extracting callgraph info for nifi-utils-1.11.0-SNAPSHOT.jar
>>>>extracting callgraph info for nifi-processor-utils-1.11.0-SNAPSHOT.jar
>>>>extracting callgraph info for nifi-hive3-processors-1.11.0-SNAPSHOT.jar
>>>>extracting callgraph info for nifi-hive-services-api-1.11.0-SNAPSHOT.jar
>>>>extracting callgraph info for nifi-hive-processors-1.11.0-SNAPSHOT.jar
>>>>extracting callgraph info for nifi-security-utils-1.11.0-SNAPSHOT.jar
>>>>extracting callgraph info for nifi-avro-record-utils-1.11.0-SNAPSHOT.jar
>>>>extracting callgraph info for nifi-utils-1.11.0-SNAPSHOT.jar
>>>>extracting callgraph info for nifi-standard-record-utils-1.11.0-SNAPSHOT.jar
>>>>extracting callgraph info for nifi-hadoop-record-utils-1.11.0-SNAPSHOT.jar
>>>>extracting callgraph info for nifi-processor-utils-1.11.0-SNAPSHOT.jar
>>>>extracting callgraph info for nifi-hadoop-utils-1.11.0-SNAPSHOT.jar
>>>>extracting callgraph info for nifi-hive3-processors-1.11.0-SNAPSHOT.jar
>>>>extracting callgraph info for nifi-hive_1_1-processors-1.11.0-SNAPSHOT.jar
>>>>extracting callgraph info for nifi-hive-services-api-1.11.0-SNAPSHOT.jar
>>>>extracting callgraph info for nifi-hive_1_1-processors-1.11.0-SNAPSHOT.jar
>>>>extracting callgraph info for nifi-security-utils-1.11.0-SNAPSHOT.jar
>>>>extracting callgraph info for nifi-utils-1.11.0-SNAPSHOT.jar
>>>>extracting callgraph info for nifi-processor-utils-1.11.0-SNAPSHOT.jar
>>>>extracting callgraph info for nifi-hadoop-utils-1.11.0-SNAPSHOT.jar
>>>>extracting callgraph info for nifi-security-utils-1.11.0-SNAPSHOT.jar
>>>>extracting callgraph info for nifi-utils-1.11.0-SNAPSHOT.jar
>>>>extracting callgraph info for nifi-hive-processors-1.11.0-SNAPSHOT.jar
>>>>extracting callgraph info for nifi-processor-utils-1.11.0-SNAPSHOT.jar
>>>>extracting callgraph info for nifi-hadoop-utils-1.11.0-SNAPSHOT.jar
>>>>extracting callgraph info for nifi-email-processors-1.11.0-SNAPSHOT.jar
>>>>extracting callgraph info for nifi-email-processors-1.11.0-SNAPSHOT.jar
>>>>extracting callgraph info for nifi-security-utils-1.11.0-SNAPSHOT.jar
>>>>extracting callgraph info for nifi-utils-1.11.0-SNAPSHOT.jar
>>>>extracting callgraph info for nifi-processor-utils-1.11.0-SNAPSHOT.jar
>>>>extracting callgraph info for nifi-hl7-processors-1.11.0-SNAPSHOT.jar
>>>>extracting callgraph info for nifi-hl7-processors-1.11.0-SNAPSHOT.jar
>>>>extracting callgraph info for nifi-hl7-query-language-1.11.0-SNAPSHOT.jar
>>>>extracting callgraph info for nifi-utils-1.11.0-SNAPSHOT.jar
>>>>extracting callgraph info for nifi-security-utils-1.11.0-SNAPSHOT.jar
>>>>extracting callgraph info for nifi-utils-1.11.0-SNAPSHOT.jar
>>>>extracting callgraph info for nifi-cassandra-processors-1.11.0-SNAPSHOT.jar
>>>>extracting callgraph info for nifi-processor-utils-1.11.0-SNAPSHOT.jar
>>>>extracting callgraph info for nifi-cassandra-processors-1.11.0-SNAPSHOT.jar
>>>>extracting callgraph info for nifi-cassandra-services-api-1.11.0-SNAPSHOT.jar
>>>>extracting callgraph info for nifi-security-utils-1.11.0-SNAPSHOT.jar
>>>>extracting callgraph info for nifi-cassandra-services-1.11.0-SNAPSHOT.jar
>>>>extracting callgraph info for nifi-utils-1.11.0-SNAPSHOT.jar
>>>>extracting callgraph info for nifi-cassandra-services-1.11.0-SNAPSHOT.jar
>>>>extracting callgraph info for nifi-cassandra-services-api-1.11.0-SNAPSHOT.jar
>>>>extracting callgraph info for nifi-lumberjack-processors-1.11.0-SNAPSHOT.jar
>>>>extracting callgraph info for nifi-security-utils-1.11.0-SNAPSHOT.jar
>>>>extracting callgraph info for nifi-socket-utils-1.11.0-SNAPSHOT.jar
>>>>extracting callgraph info for nifi-flowfile-packager-1.11.0-SNAPSHOT.jar
>>>>extracting callgraph info for nifi-utils-1.11.0-SNAPSHOT.jar
>>>>extracting callgraph info for nifi-lumberjack-processors-1.11.0-SNAPSHOT.jar
>>>>extracting callgraph info for nifi-logging-utils-1.11.0-SNAPSHOT.jar
>>>>extracting callgraph info for nifi-processor-utils-1.11.0-SNAPSHOT.jar
>>>>extracting callgraph info for nifi-ccda-processors-1.11.0-SNAPSHOT.jar
>>>>extracting callgraph info for nifi-security-utils-1.11.0-SNAPSHOT.jar
>>>>extracting callgraph info for nifi-utils-1.11.0-SNAPSHOT.jar
>>>>extracting callgraph info for nifi-ccda-processors-1.11.0-SNAPSHOT.jar
>>>>extracting callgraph info for nifi-processor-utils-1.11.0-SNAPSHOT.jar
>>>>extracting callgraph info for nifi-azure-services-api-1.11.0-SNAPSHOT.jar
>>>>extracting callgraph info for nifi-azure-processors-1.11.0-SNAPSHOT.jar
>>>>extracting callgraph info for nifi-azure-services-api-1.11.0-SNAPSHOT.jar
>>>>extracting callgraph info for nifi-proxy-configuration-api-1.11.0-SNAPSHOT.jar
>>>>extracting callgraph info for nifi-service-utils-1.11.0-SNAPSHOT.jar
>>>>extracting callgraph info for nifi-security-utils-1.11.0-SNAPSHOT.jar
>>>>extracting callgraph info for nifi-utils-1.11.0-SNAPSHOT.jar
>>>>extracting callgraph info for nifi-azure-processors-1.11.0-SNAPSHOT.jar
>>>>extracting callgraph info for nifi-processor-utils-1.11.0-SNAPSHOT.jar
>>>>extracting callgraph info for nifi-livy-controller-service-1.11.0-SNAPSHOT.jar
>>>>extracting callgraph info for nifi-livy-controller-service-api-1.11.0-SNAPSHOT.jar
>>>>extracting callgraph info for nifi-security-utils-1.11.0-SNAPSHOT.jar
>>>>extracting callgraph info for nifi-utils-1.11.0-SNAPSHOT.jar
>>>>extracting callgraph info for nifi-livy-controller-service-api-1.11.0-SNAPSHOT.jar
>>>>extracting callgraph info for nifi-processor-utils-1.11.0-SNAPSHOT.jar
>>>>extracting callgraph info for nifi-livy-processors-1.11.0-SNAPSHOT.jar
>>>>extracting callgraph info for nifi-security-utils-1.11.0-SNAPSHOT.jar
>>>>extracting callgraph info for nifi-utils-1.11.0-SNAPSHOT.jar
>>>>extracting callgraph info for nifi-livy-controller-service-api-1.11.0-SNAPSHOT.jar
>>>>extracting callgraph info for nifi-livy-processors-1.11.0-SNAPSHOT.jar
>>>>extracting callgraph info for nifi-processor-utils-1.11.0-SNAPSHOT.jar
>>>>extracting callgraph info for nifi-livy-controller-service-1.11.0-SNAPSHOT.jar
>>>>extracting callgraph info for nifi-hadoop-utils-1.11.0-SNAPSHOT.jar
>>>>extracting callgraph info for nifi-ambari-reporting-task-1.11.0-SNAPSHOT.jar
>>>>extracting callgraph info for nifi-metrics-1.11.0-SNAPSHOT.jar
>>>>extracting callgraph info for nifi-utils-1.11.0-SNAPSHOT.jar
>>>>extracting callgraph info for nifi-reporting-utils-1.11.0-SNAPSHOT.jar
>>>>extracting callgraph info for nifi-ambari-reporting-task-1.11.0-SNAPSHOT.jar
>>>>extracting callgraph info for nifi-scripting-processors-1.11.0-SNAPSHOT.jar
>>>>extracting callgraph info for nifi-record-path-1.11.0-SNAPSHOT.jar
>>>>extracting callgraph info for nifi-rules-engine-service-api-1.11.0-SNAPSHOT.jar
>>>>extracting callgraph info for nifi-utils-1.11.0-SNAPSHOT.jar
>>>>extracting callgraph info for nifi-scripting-processors-1.11.0-SNAPSHOT.jar
>>>>extracting callgraph info for nifi-snmp-processors-1.11.0-SNAPSHOT.jar
>>>>extracting callgraph info for nifi-utils-1.11.0-SNAPSHOT.jar
>>>>extracting callgraph info for nifi-snmp-processors-1.11.0-SNAPSHOT.jar
>>>>extracting callgraph info for nifi-mqtt-processors-1.11.0-SNAPSHOT.jar
>>>>extracting callgraph info for nifi-security-utils-1.11.0-SNAPSHOT.jar
>>>>extracting callgraph info for nifi-utils-1.11.0-SNAPSHOT.jar
>>>>extracting callgraph info for nifi-processor-utils-1.11.0-SNAPSHOT.jar
>>>>extracting callgraph info for nifi-mqtt-processors-1.11.0-SNAPSHOT.jar
>>>>extracting callgraph info for nifi-cdc-mysql-processors-1.11.0-SNAPSHOT.jar
>>>>extracting callgraph info for nifi-cdc-api-1.11.0-SNAPSHOT.jar
>>>>extracting callgraph info for nifi-utils-1.11.0-SNAPSHOT.jar
>>>>extracting callgraph info for nifi-cdc-mysql-processors-1.11.0-SNAPSHOT.jar
>>>>extracting callgraph info for nifi-cdc-api-1.11.0-SNAPSHOT.jar
>>>>extracting callgraph info for nifi-ignite-processors-1.11.0-SNAPSHOT.jar
>>>>extracting callgraph info for nifi-utils-1.11.0-SNAPSHOT.jar
>>>>extracting callgraph info for nifi-ignite-processors-1.11.0-SNAPSHOT.jar
>>>>extracting callgraph info for nifi-utils-1.11.0-SNAPSHOT.jar
>>>>extracting callgraph info for nifi-twitter-processors-1.11.0-SNAPSHOT.jar
>>>>extracting callgraph info for nifi-twitter-processors-1.11.0-SNAPSHOT.jar
>>>>extracting callgraph info for nifi-rules-engine-service-api-1.11.0-SNAPSHOT.jar
>>>>extracting callgraph info for nifi-easyrules-service-1.11.0-SNAPSHOT.jar
>>>>extracting callgraph info for nifi-utils-1.11.0-SNAPSHOT.jar
>>>>extracting callgraph info for nifi-easyrules-service-1.11.0-SNAPSHOT.jar
>>>>extracting callgraph info for nifi-utils-1.11.0-SNAPSHOT.jar
>>>>extracting callgraph info for nifi-spring-processors-1.11.0-SNAPSHOT.jar
>>>>extracting callgraph info for nifi-spring-processors-1.11.0-SNAPSHOT.jar
>>>>extracting callgraph info for nifi-amqp-processors-1.11.0-SNAPSHOT.jar
>>>>extracting callgraph info for nifi-security-utils-1.11.0-SNAPSHOT.jar
>>>>extracting callgraph info for nifi-amqp-processors-1.11.0-SNAPSHOT.jar
>>>>extracting callgraph info for nifi-utils-1.11.0-SNAPSHOT.jar
>>>>extracting callgraph info for nifi-processor-utils-1.11.0-SNAPSHOT.jar
>>>>extracting callgraph info for nifi-tcp-processors-1.11.0-SNAPSHOT.jar
>>>>extracting callgraph info for nifi-security-utils-1.11.0-SNAPSHOT.jar
>>>>extracting callgraph info for nifi-utils-1.11.0-SNAPSHOT.jar
>>>>extracting callgraph info for nifi-processor-utils-1.11.0-SNAPSHOT.jar
>>>>extracting callgraph info for nifi-tcp-processors-1.11.0-SNAPSHOT.jar
>>>>extracting callgraph info for nifi-sql-reporting-tasks-1.11.0-SNAPSHOT.jar>>>>extracting method info of initializr...
>>>>writing to csv files...
>>>>done.
excute time:3392ms
>>>>extracting method info of easy-rules...
>>>>writing to csv files...
>>>>done.
excute time:1769ms
>>>>extracting method info of webcam-capture...
>>>>writing to csv files...
>>>>done.
excute time:3062ms

>>>>extracting callgraph info for nifi-security-utils-1.11.0-SNAPSHOT.jar
>>>>extracting callgraph info for nifi-database-utils-1.11.0-SNAPSHOT.jar
>>>>extracting callgraph info for nifi-metrics-1.11.0-SNAPSHOT.jar
>>>>extracting callgraph info for nifi-avro-record-utils-1.11.0-SNAPSHOT.jar
>>>>extracting callgraph info for nifi-utils-1.11.0-SNAPSHOT.jar
>>>>extracting callgraph info for nifi-standard-record-utils-1.11.0-SNAPSHOT.jar
>>>>extracting callgraph info for nifi-sql-reporting-tasks-1.11.0-SNAPSHOT.jar
>>>>extracting callgraph info for nifi-reporting-utils-1.11.0-SNAPSHOT.jar
>>>>extracting callgraph info for nifi-site-to-site-reporting-task-1.11.0-SNAPSHOT.jar
>>>>extracting callgraph info for nifi-client-dto-1.11.0-SNAPSHOT.jar
>>>>extracting callgraph info for nifi-site-to-site-client-1.11.0-SNAPSHOT.jar
>>>>extracting callgraph info for nifi-site-to-site-reporting-task-1.11.0-SNAPSHOT.jar
>>>>extracting callgraph info for nifi-security-utils-1.11.0-SNAPSHOT.jar
>>>>extracting callgraph info for nifi-metrics-1.11.0-SNAPSHOT.jar
>>>>extracting callgraph info for nifi-avro-record-utils-1.11.0-SNAPSHOT.jar
>>>>extracting callgraph info for nifi-utils-1.11.0-SNAPSHOT.jar
>>>>extracting callgraph info for nifi-standard-record-utils-1.11.0-SNAPSHOT.jar
>>>>extracting callgraph info for nifi-reporting-utils-1.11.0-SNAPSHOT.jar
>>>>extracting callgraph info for nifi-processor-utils-1.11.0-SNAPSHOT.jar
>>>>extracting callgraph info for nifi-registry-data-model-0.5.0.jar
>>>>extracting callgraph info for nifi-standard-reporting-tasks-1.11.0-SNAPSHOT.jar
>>>>extracting callgraph info for nifi-record-path-1.11.0-SNAPSHOT.jar
>>>>extracting callgraph info for nifi-proxy-configuration-api-1.11.0-SNAPSHOT.jar
>>>>extracting callgraph info for nifi-standard-reporting-tasks-1.11.0-SNAPSHOT.jar
>>>>extracting callgraph info for nifi-security-utils-1.11.0-SNAPSHOT.jar
>>>>extracting callgraph info for nifi-database-utils-1.11.0-SNAPSHOT.jar
>>>>extracting callgraph info for nifi-socket-utils-1.11.0-SNAPSHOT.jar
>>>>extracting callgraph info for nifi-standard-utils-1.11.0-SNAPSHOT.jar
>>>>extracting callgraph info for nifi-avro-record-utils-1.11.0-SNAPSHOT.jar
>>>>extracting callgraph info for nifi-parameter-1.11.0-SNAPSHOT.jar
>>>>extracting callgraph info for nifi-flowfile-packager-1.11.0-SNAPSHOT.jar
>>>>extracting callgraph info for nifi-expression-language-1.11.0-SNAPSHOT.jar
>>>>extracting callgraph info for nifi-utils-1.11.0-SNAPSHOT.jar
>>>>extracting callgraph info for nifi-standard-record-utils-1.11.0-SNAPSHOT.jar
>>>>extracting callgraph info for nifi-syslog-utils-1.11.0-SNAPSHOT.jar
>>>>extracting callgraph info for nifi-logging-utils-1.11.0-SNAPSHOT.jar
>>>>extracting callgraph info for macnificent-0.2.0.jar
>>>>extracting callgraph info for nifi-processor-utils-1.11.0-SNAPSHOT.jar
>>>>extracting callgraph info for nifi-standard-processors-1.11.0-SNAPSHOT.jar
>>>>extracting callgraph info for nifi-standard-utils-1.11.0-SNAPSHOT.jar
>>>>extracting callgraph info for nifi-standard-processors-1.11.0-SNAPSHOT.jar
>>>>extracting callgraph info for nifi-security-utils-1.11.0-SNAPSHOT.jar
>>>>extracting callgraph info for nifi-standard-utils-1.11.0-SNAPSHOT.jar
>>>>extracting callgraph info for nifi-parameter-1.11.0-SNAPSHOT.jar
>>>>extracting callgraph info for nifi-expression-language-1.11.0-SNAPSHOT.jar
>>>>extracting callgraph info for nifi-utils-1.11.0-SNAPSHOT.jar
>>>>extracting callgraph info for nifi-custom-ui-utilities-1.11.0-SNAPSHOT.jar
>>>>extracting callgraph info for nifi-processor-utils-1.11.0-SNAPSHOT.jar
>>>>extracting callgraph info for nifi-rethinkdb-processors-1.11.0-SNAPSHOT.jar
>>>>extracting callgraph info for nifi-rethinkdb-processors-1.11.0-SNAPSHOT.jar
>>>>extracting callgraph info for nifi-utils-1.11.0-SNAPSHOT.jar
>>>>extracting callgraph info for nifi-rules-action-handler-service-1.11.0-SNAPSHOT.jar
>>>>extracting callgraph info for nifi-rules-engine-service-api-1.11.0-SNAPSHOT.jar
>>>>extracting callgraph info for nifi-rules-action-handler-service-1.11.0-SNAPSHOT.jar
>>>>extracting callgraph info for nifi-utils-1.11.0-SNAPSHOT.jar
>>>>extracting callgraph info for nifi-prometheus-reporting-task-1.11.0-SNAPSHOT.jar
>>>>extracting callgraph info for nifi-security-utils-1.11.0-SNAPSHOT.jar
>>>>extracting callgraph info for nifi-metrics-1.11.0-SNAPSHOT.jar
>>>>extracting callgraph info for nifi-prometheus-reporting-task-1.11.0-SNAPSHOT.jar
>>>>extracting callgraph info for nifi-utils-1.11.0-SNAPSHOT.jar
>>>>extracting callgraph info for nifi-jolt-record-processors-1.11.0-SNAPSHOT.jar
>>>>extracting callgraph info for nifi-record-serialization-service-api-1.11.0-SNAPSHOT.jar
>>>>extracting callgraph info for nifi-jolt-record-processors-1.11.0-SNAPSHOT.jar
>>>>extracting callgraph info for nifi-utils-1.11.0-SNAPSHOT.jar
>>>>extracting callgraph info for nifi-framework-api-1.11.0-SNAPSHOT.jar
>>>>extracting callgraph info for nifi-bootstrap-1.11.0-SNAPSHOT.jar
>>>>extracting callgraph infomation done.
<<<<<<<<<<<<<<<<<<<<<<<<<<<<<<<<<<<<<<<<<<<<<<<<<<<<<<<<<<<

>>>>Project No: 2
>>>>extracting infomation for  initializr
<<<<<<<<<<<<<<<<<<<<<<<<<<<<<<<<<<<<<<<<<<<<<<<<<<<<<<<<<<<
>>>>extracting callgraph infomation of 8 jars
>>>>extracting callgraph info for initializr-actuator-0.9.0.BUILD-SNAPSHOT.jar
>>>>extracting callgraph info for initializr-service-sample-0.9.0.BUILD-SNAPSHOT.jar
>>>>extracting callgraph info for initializr-generator-0.9.0.BUILD-SNAPSHOT.jar
>>>>extracting callgraph info for initializr-web-0.9.0.BUILD-SNAPSHOT.jar
>>>>extracting callgraph info for initializr-generator-spring-0.9.0.BUILD-SNAPSHOT.jar
>>>>extracting callgraph info for initializr-docs-0.9.0.BUILD-SNAPSHOT.jar
>>>>extracting callgraph info for initializr-version-resolver-0.9.0.BUILD-SNAPSHOT.jar
>>>>extracting callgraph info for initializr-metadata-0.9.0.BUILD-SNAPSHOT.jar
>>>>extracting callgraph infomation done.
<<<<<<<<<<<<<<<<<<<<<<<<<<<<<<<<<<<<<<<<<<<<<<<<<<<<<<<<<<<

>>>>Project No: 3
>>>>extracting infomation for  easy-rules
<<<<<<<<<<<<<<<<<<<<<<<<<<<<<<<<<<<<<<<<<<<<<<<<<<<<<<<<<<<
>>>>extracting callgraph infomation of 11 jars
>>>>extracting callgraph info for easy-rules-spel-3.4.0-SNAPSHOT.jar
>>>>extracting callgraph info for easy-rules-mvel-3.4.0-SNAPSHOT.jar
>>>>extracting callgraph info for easy-rules-core-3.4.0-SNAPSHOT.jar
>>>>extracting callgraph info for easy-rules-archetype-3.4.0-SNAPSHOT.jar
>>>>extracting callgraph info for easy-rules-support-3.4.0-SNAPSHOT.jar
>>>>extracting callgraph info for easy-rules-core-3.4.0-SNAPSHOT.jar
>>>>extracting callgraph info for easy-rules-mvel-3.4.0-SNAPSHOT.jar
>>>>extracting callgraph info for easy-rules-support-3.4.0-SNAPSHOT.jar
>>>>extracting callgraph info for easy-rules-core-3.4.0-SNAPSHOT.jar
>>>>extracting callgraph info for easy-rules-mvel-3.4.0-SNAPSHOT.jar
>>>>extracting callgraph info for easy-rules-support-3.4.0-SNAPSHOT.jar
>>>>extracting callgraph infomation done.
<<<<<<<<<<<<<<<<<<<<<<<<<<<<<<<<<<<<<<<<<<<<<<<<<<<<<<<<<<<

>>>>Project No: 4
>>>>extracting infomation for  webcam-capture
<<<<<<<<<<<<<<<<<<<<<<<<<<<<<<<<<<<<<<<<<<<<<<<<<<<<<<<<<<<
>>>>extracting callgraph infomation of 15 jars
>>>>extracting callgraph info for webcam-capture-0.3.13-SNAPSHOT.jar
>>>>extracting callgraph info for webcam-capture-driver-vlcj-0.3.13-SNAPSHOT.jar
>>>>extracting callgraph info for webcam-capture-driver-opencv-0.3.13-SNAPSHOT.jar
>>>>extracting callgraph info for webcam-capture-driver-screencapture-0.3.13-SNAPSHOT.jar
>>>>extracting callgraph info for webcam-capture-driver-raspberrypi-0.3.13-SNAPSHOT.jar
>>>>extracting callgraph info for webcam-capture-driver-ffmpeg-cli-0.3.13-SNAPSHOT.jar
>>>>extracting callgraph info for webcam-capture-driver-lti-civil-0.3.13-SNAPSHOT.jar
>>>>extracting callgraph info for webcam-capture-driver-gstreamer-0.3.13-SNAPSHOT.jar
>>>>extracting callgraph info for webcam-capture-driver-gst1-0.3.13-SNAPSHOT.jar
>>>>extracting callgraph info for webcam-capture-driver-openimaj-0.3.13-SNAPSHOT.jar
>>>>extracting callgraph info for webcam-capture-driver-v4l4j-0.3.13-SNAPSHOT.jar
>>>>extracting callgraph info for webcam-capture-driver-jmf-0.3.13-SNAPSHOT.jar>>>>extracting method info of framework...
>>>>writing to csv files...
>>>>done.
excute time:30107ms
>>>>extracting method info of tablesaw...
>>>>writing to csv files...
>>>>done.
excute time:4461ms
>>>>extracting method info of jackson-core...
>>>>writing to csv files...
>>>>done.
excute time:4018ms
>>>>extracting method info of helidon...
>>>>writing to csv files...
>>>>done.
excute time:14101ms

>>>>extracting callgraph info for webcam-capture-driver-fswebcam-0.3.13-SNAPSHOT.jar
>>>>extracting callgraph info for webcam-capture-driver-mjpeg-0.3.13-SNAPSHOT.jar
>>>>extracting callgraph info for webcam-capture-driver-ipcam-0.3.13-SNAPSHOT.jar
>>>>extracting callgraph infomation done.
<<<<<<<<<<<<<<<<<<<<<<<<<<<<<<<<<<<<<<<<<<<<<<<<<<<<<<<<<<<

>>>>Project No: 5
>>>>extracting infomation for  framework
<<<<<<<<<<<<<<<<<<<<<<<<<<<<<<<<<<<<<<<<<<<<<<<<<<<<<<<<<<<
>>>>extracting callgraph infomation of 1 jars
>>>>extracting callgraph info for org.apache.felix.framework-5.6.10.jar
>>>>extracting callgraph infomation done.
<<<<<<<<<<<<<<<<<<<<<<<<<<<<<<<<<<<<<<<<<<<<<<<<<<<<<<<<<<<

>>>>Project No: 6
>>>>extracting infomation for  tablesaw
<<<<<<<<<<<<<<<<<<<<<<<<<<<<<<<<<<<<<<<<<<<<<<<<<<<<<<<<<<<
>>>>extracting callgraph infomation of 16 jars
>>>>extracting callgraph info for tablesaw-docs-0.36.1-SNAPSHOT-shaded.jar
>>>>extracting callgraph info for tablesaw-docs-0.36.1-SNAPSHOT.jar
>>>>extracting callgraph info for tablesaw-json-0.36.1-SNAPSHOT.jar
>>>>extracting callgraph info for tablesaw-json-0.36.1-SNAPSHOT-shaded.jar
>>>>extracting callgraph info for tablesaw-aggregate-0.36.1-SNAPSHOT.jar
>>>>extracting callgraph info for tablesaw-jsplot-0.36.1-SNAPSHOT.jar
>>>>extracting callgraph info for tablesaw-jsplot-0.36.1-SNAPSHOT-shaded.jar
>>>>extracting callgraph info for tablesaw-saw-0.36.1-SNAPSHOT.jar
>>>>extracting callgraph info for tablesaw-saw-0.36.1-SNAPSHOT-shaded.jar
>>>>extracting callgraph info for tablesaw-core-0.36.1-SNAPSHOT-shaded.jar
>>>>extracting callgraph info for tablesaw-core-0.36.1-SNAPSHOT.jar
>>>>extracting callgraph info for tablesaw-beakerx-0.36.1-SNAPSHOT.jar
>>>>extracting callgraph info for tablesaw-html-0.36.1-SNAPSHOT.jar
>>>>extracting callgraph info for tablesaw-html-0.36.1-SNAPSHOT-shaded.jar
>>>>extracting callgraph info for tablesaw-excel-0.36.1-SNAPSHOT-shaded.jar
>>>>extracting callgraph info for tablesaw-excel-0.36.1-SNAPSHOT.jar
>>>>extracting callgraph infomation done.
<<<<<<<<<<<<<<<<<<<<<<<<<<<<<<<<<<<<<<<<<<<<<<<<<<<<<<<<<<<

>>>>Project No: 7
>>>>extracting infomation for  jackson-core
<<<<<<<<<<<<<<<<<<<<<<<<<<<<<<<<<<<<<<<<<<<<<<<<<<<<<<<<<<<
>>>>extracting callgraph infomation of 2 jars
>>>>extracting callgraph info for jackson-core-3.0.0-SNAPSHOT.jar
>>>>extracting callgraph info for jackson-core-3.0.0-SNAPSHOT.jar
>>>>extracting callgraph infomation done.
<<<<<<<<<<<<<<<<<<<<<<<<<<<<<<<<<<<<<<<<<<<<<<<<<<<<<<<<<<<

>>>>Project No: 8
>>>>extracting infomation for  helidon
<<<<<<<<<<<<<<<<<<<<<<<<<<<<<<<<<<<<<<<<<<<<<<<<<<<<<<<<<<<
>>>>extracting callgraph infomation of 123 jars
>>>>extracting callgraph info for helidon-metrics-1.3.2-SNAPSHOT.jar
>>>>extracting callgraph info for helidon-metrics-prometheus-1.3.2-SNAPSHOT.jar
>>>>extracting callgraph info for helidon-grpc-metrics-1.3.2-SNAPSHOT.jar
>>>>extracting callgraph info for helidon-grpc-client-1.3.2-SNAPSHOT.jar
>>>>extracting callgraph info for helidon-grpc-server-1.3.2-SNAPSHOT.jar
>>>>extracting callgraph info for helidon-grpc-core-1.3.2-SNAPSHOT.jar
>>>>extracting callgraph info for helidon-media-jsonp-common-1.3.2-SNAPSHOT.jar
>>>>extracting callgraph info for helidon-media-jsonp-server-1.3.2-SNAPSHOT.jar
>>>>extracting callgraph info for helidon-media-jackson-common-1.3.2-SNAPSHOT.jar
>>>>extracting callgraph info for helidon-media-jackson-server-1.3.2-SNAPSHOT.jar
>>>>extracting callgraph info for helidon-media-common-1.3.2-SNAPSHOT.jar
>>>>extracting callgraph info for helidon-media-jsonb-common-1.3.2-SNAPSHOT.jar
>>>>extracting callgraph info for helidon-media-jsonb-server-1.3.2-SNAPSHOT.jar
>>>>extracting callgraph info for helidon-metrics2-1.3.2-SNAPSHOT.jar
>>>>extracting callgraph info for helidon-graal-native-image-extension-1.3.2-SNAPSHOT.jar
>>>>extracting callgraph info for helidon-integrations-cdi-eclipselink-1.3.2-SNAPSHOT.jar
>>>>extracting callgraph info for helidon-integrations-cdi-oci-objectstorage-1.3.2-SNAPSHOT.jar
>>>>extracting callgraph info for helidon-integrations-cdi-jta-1.3.2-SNAPSHOT.jar
>>>>extracting callgraph info for helidon-integrations-cdi-hibernate-1.3.2-SNAPSHOT.jar
>>>>extracting callgraph info for helidon-integrations-cdi-jta-weld-1.3.2-SNAPSHOT.jar
>>>>extracting callgraph info for helidon-integrations-cdi-jpa-weld-1.3.2-SNAPSHOT.jar
>>>>extracting callgraph info for helidon-integrations-cdi-jedis-1.3.2-SNAPSHOT.jar
>>>>extracting callgraph info for helidon-integrations-cdi-delegates-1.3.2-SNAPSHOT.jar
>>>>extracting callgraph info for helidon-integrations-cdi-reference-counted-context-1.3.2-SNAPSHOT.jar
>>>>extracting callgraph info for helidon-integrations-cdi-jpa-1.3.2-SNAPSHOT.jar
>>>>extracting callgraph info for helidon-serviceconfiguration-ucp-accs-1.3.2-SNAPSHOT.jar
>>>>extracting callgraph info for helidon-serviceconfiguration-system-kubernetes-1.3.2-SNAPSHOT.jar
>>>>extracting callgraph info for helidon-serviceconfiguration-hikaricp-accs-1.3.2-SNAPSHOT.jar
>>>>extracting callgraph info for helidon-serviceconfiguration-system-oracle-accs-1.3.2-SNAPSHOT.jar
>>>>extracting callgraph info for helidon-serviceconfiguration-hikaricp-1.3.2-SNAPSHOT.jar
>>>>extracting callgraph info for helidon-serviceconfiguration-ucp-1.3.2-SNAPSHOT.jar
>>>>extracting callgraph info for helidon-serviceconfiguration-ucp-localhost-1.3.2-SNAPSHOT.jar
>>>>extracting callgraph info for helidon-serviceconfiguration-api-1.3.2-SNAPSHOT.jar
>>>>extracting callgraph info for helidon-serviceconfiguration-hikaricp-localhost-1.3.2-SNAPSHOT.jar
>>>>extracting callgraph info for helidon-common-metrics-1.3.2-SNAPSHOT.jar
>>>>extracting callgraph info for helidon-common-mapper-1.3.2-SNAPSHOT.jar
>>>>extracting callgraph info for helidon-common-service-loader-1.3.2-SNAPSHOT.jar
>>>>extracting callgraph info for helidon-common-context-1.3.2-SNAPSHOT.jar
>>>>extracting callgraph info for helidon-common-1.3.2-SNAPSHOT.jar
>>>>extracting callgraph info for helidon-common-key-util-1.3.2-SNAPSHOT.jar
>>>>extracting callgraph info for helidon-common-media-type-1.3.2-SNAPSHOT.jar
>>>>extracting callgraph info for helidon-common-reactive-1.3.2-SNAPSHOT.jar
>>>>extracting callgraph info for helidon-common-http-1.3.2-SNAPSHOT.jar
>>>>extracting callgraph info for helidon-common-configurable-1.3.2-SNAPSHOT.jar
>>>>extracting callgraph info for helidon-health-checks-1.3.2-SNAPSHOT.jar
>>>>extracting callgraph info for helidon-health-common-1.3.2-SNAPSHOT.jar
>>>>extracting callgraph info for helidon-health-1.3.2-SNAPSHOT.jar
>>>>extracting callgraph info for helidon-microprofile-metrics-1.3.2-SNAPSHOT.jar
>>>>extracting callgraph info for helidon-microprofile-grpc-metrics-1.3.2-SNAPSHOT.jar
>>>>extracting callgraph info for helidon-microprofile-grpc-client-1.3.2-SNAPSHOT.jar
>>>>extracting callgraph info for helidon-microprofile-grpc-server-1.3.2-SNAPSHOT.jar
>>>>extracting callgraph info for helidon-microprofile-grpc-core-1.3.2-SNAPSHOT.jar
>>>>extracting callgraph info for helidon-microprofile-oidc-1.3.2-SNAPSHOT.jar
>>>>extracting callgraph info for helidon-microprofile-fault-tolerance-1.3.2-SNAPSHOT.jar
>>>>extracting callgraph info for helidon-microprofile-metrics2-1.3.2-SNAPSHOT.jar
>>>>extracting callgraph info for helidon-microprofile-rest-client-1.3.2-SNAPSHOT.jar
>>>>extracting callgraph info for helidon-arquillian-1.3.2-SNAPSHOT.jar
>>>>extracting callgraph info for helidon-microprofile-jwt-auth-1.3.2-SNAPSHOT.jar
>>>>extracting callgraph info for helidon-microprofile-jwt-auth-cdi-1.3.2-SNAPSHOT.jar
>>>>extracting callgraph info for helidon-microprofile-health-1.3.2-SNAPSHOT.jar
>>>>extracting callgraph info for helidon-microprofile-access-log-1.3.2-SNAPSHOT.jar
>>>>extracting callgraph info for helidon-microprofile-server-1.3.2-SNAPSHOT.jar
>>>>extracting callgraph info for helidon-microprofile-config-cdi-1.3.2-SNAPSHOT.jar
>>>>extracting callgraph info for helidon-microprofile-config-1.3.2-SNAPSHOT.jar
>>>>extracting callgraph info for helidon-microprofile-tracing-1.3.2-SNAPSHOT.jar
>>>>extracting callgraph info for helidon-microprofile-openapi-1.3.2-SNAPSHOT.jar
>>>>extracting callgraph info for helidon-microprofile-security-1.3.2-SNAPSHOT.jar>>>>extracting method info of pac4j...
>>>>writing to csv files...
>>>>done.
excute time:4483ms
>>>>extracting method info of jmxtrans...
>>>>writing to csv files...
>>>>done.
excute time:2662ms

>>>>extracting callgraph info for helidon-microprofile-1.1-1.3.2-SNAPSHOT.jar
>>>>extracting callgraph info for helidon-microprofile-3.0-1.3.2-SNAPSHOT.jar
>>>>extracting callgraph info for helidon-microprofile-1.2-1.3.2-SNAPSHOT.jar
>>>>extracting callgraph info for helidon-microprofile-3.1-1.3.2-SNAPSHOT.jar
>>>>extracting callgraph info for helidon-microprofile-2.2-1.3.2-SNAPSHOT.jar
>>>>extracting callgraph info for helidon-microprofile-1.0-1.3.2-SNAPSHOT.jar
>>>>extracting callgraph info for helidon-config-yaml-1.3.2-SNAPSHOT.jar
>>>>extracting callgraph info for helidon-config-etcd-1.3.2-SNAPSHOT.jar
>>>>extracting callgraph info for helidon-config-encryption-1.3.2-SNAPSHOT.jar
>>>>extracting callgraph info for helidon-config-hocon-1.3.2-SNAPSHOT.jar
>>>>extracting callgraph info for helidon-config-git-1.3.2-SNAPSHOT.jar
>>>>extracting callgraph info for helidon-config-1.3.2-SNAPSHOT.jar
>>>>extracting callgraph info for helidon-config-object-mapping-1.3.2-SNAPSHOT.jar
>>>>extracting callgraph info for helidon-tracing-zipkin-1.3.2-SNAPSHOT.jar
>>>>extracting callgraph info for helidon-tracing-jersey-client-1.3.2-SNAPSHOT.jar
>>>>extracting callgraph info for helidon-tracing-jaeger-1.3.2-SNAPSHOT.jar
>>>>extracting callgraph info for helidon-tracing-config-1.3.2-SNAPSHOT.jar
>>>>extracting callgraph info for helidon-tracing-1.3.2-SNAPSHOT.jar
>>>>extracting callgraph info for helidon-tracing-jersey-1.3.2-SNAPSHOT.jar
>>>>extracting callgraph info for helidon-openapi-1.3.2-SNAPSHOT.jar
>>>>extracting callgraph info for helidon-jersey-media-jsonp-1.3.2-SNAPSHOT.jar
>>>>extracting callgraph info for helidon-jersey-common-1.3.2-SNAPSHOT.jar
>>>>extracting callgraph info for helidon-jersey-client-1.3.2-SNAPSHOT.jar
>>>>extracting callgraph info for helidon-jersey-server-1.3.2-SNAPSHOT.jar
>>>>extracting callgraph info for helidon-security-providers-google-login-1.3.2-SNAPSHOT.jar
>>>>extracting callgraph info for helidon-security-providers-oidc-1.3.2-SNAPSHOT.jar
>>>>extracting callgraph info for helidon-security-providers-common-1.3.2-SNAPSHOT.jar
>>>>extracting callgraph info for helidon-security-providers-header-1.3.2-SNAPSHOT.jar
>>>>extracting callgraph info for helidon-security-providers-idcs-mapper-1.3.2-SNAPSHOT.jar
>>>>extracting callgraph info for helidon-security-providers-http-sign-1.3.2-SNAPSHOT.jar
>>>>extracting callgraph info for helidon-security-providers-abac-1.3.2-SNAPSHOT.jar
>>>>extracting callgraph info for helidon-security-providers-oidc-common-1.3.2-SNAPSHOT.jar
>>>>extracting callgraph info for helidon-security-providers-jwt-1.3.2-SNAPSHOT.jar
>>>>extracting callgraph info for helidon-security-providers-http-auth-1.3.2-SNAPSHOT.jar
>>>>extracting callgraph info for helidon-security-util-1.3.2-SNAPSHOT.jar
>>>>extracting callgraph info for helidon-security-annotations-1.3.2-SNAPSHOT.jar
>>>>extracting callgraph info for helidon-security-abac-policy-1.3.2-SNAPSHOT.jar
>>>>extracting callgraph info for helidon-security-abac-time-1.3.2-SNAPSHOT.jar
>>>>extracting callgraph info for helidon-security-abac-scope-1.3.2-SNAPSHOT.jar
>>>>extracting callgraph info for helidon-security-abac-role-1.3.2-SNAPSHOT.jar
>>>>extracting callgraph info for helidon-security-abac-policy-el-1.3.2-SNAPSHOT.jar
>>>>extracting callgraph info for helidon-security-jwt-1.3.2-SNAPSHOT.jar
>>>>extracting callgraph info for helidon-security-1.3.2-SNAPSHOT.jar
>>>>extracting callgraph info for helidon-security-integration-grpc-1.3.2-SNAPSHOT.jar
>>>>extracting callgraph info for helidon-security-integration-jersey-client-1.3.2-SNAPSHOT.jar
>>>>extracting callgraph info for helidon-security-integration-common-1.3.2-SNAPSHOT.jar
>>>>extracting callgraph info for helidon-security-integration-jersey-1.3.2-SNAPSHOT.jar
>>>>extracting callgraph info for helidon-security-integration-webserver-1.3.2-SNAPSHOT.jar
>>>>extracting callgraph info for helidon-webclient-jaxrs-1.3.2-SNAPSHOT.jar
>>>>extracting callgraph info for helidon-bundles-config-1.3.2-SNAPSHOT.jar
>>>>extracting callgraph info for helidon-bundles-jersey-1.3.2-SNAPSHOT.jar
>>>>extracting callgraph info for helidon-bundles-security-1.3.2-SNAPSHOT.jar
>>>>extracting callgraph info for helidon-bundles-webserver-1.3.2-SNAPSHOT.jar
>>>>extracting callgraph info for helidon-webserver-access-log-1.3.2-SNAPSHOT.jar
>>>>extracting callgraph info for helidon-webserver-jersey-1.3.2-SNAPSHOT.jar
>>>>extracting callgraph info for helidon-webserver-1.3.2-SNAPSHOT.jar
>>>>extracting callgraph infomation done.
<<<<<<<<<<<<<<<<<<<<<<<<<<<<<<<<<<<<<<<<<<<<<<<<<<<<<<<<<<<

>>>>Project No: 9
>>>>extracting infomation for  pac4j
<<<<<<<<<<<<<<<<<<<<<<<<<<<<<<<<<<<<<<<<<<<<<<<<<<<<<<<<<<<
>>>>extracting callgraph infomation of 32 jars
>>>>extracting callgraph info for pac4j-kerberos-4.0.0-RC2-SNAPSHOT-all.jar.jar
>>>>extracting callgraph info for pac4j-kerberos-4.0.0-RC2-SNAPSHOT.jar
>>>>extracting callgraph info for pac4j-oidc-4.0.0-RC2-SNAPSHOT-all.jar.jar
>>>>extracting callgraph info for pac4j-oidc-4.0.0-RC2-SNAPSHOT.jar
>>>>extracting callgraph info for pac4j-saml-4.0.0-RC2-SNAPSHOT-all.jar.jar
>>>>extracting callgraph info for pac4j-saml-4.0.0-RC2-SNAPSHOT.jar
>>>>extracting callgraph info for pac4j-mongo-4.0.0-RC2-SNAPSHOT.jar
>>>>extracting callgraph info for pac4j-mongo-4.0.0-RC2-SNAPSHOT-all.jar.jar
>>>>extracting callgraph info for pac4j-ldap-4.0.0-RC2-SNAPSHOT.jar
>>>>extracting callgraph info for pac4j-ldap-4.0.0-RC2-SNAPSHOT-all.jar.jar
>>>>extracting callgraph info for pac4j-config-4.0.0-RC2-SNAPSHOT.jar
>>>>extracting callgraph info for pac4j-config-4.0.0-RC2-SNAPSHOT-all.jar.jar
>>>>extracting callgraph info for pac4j-couch-4.0.0-RC2-SNAPSHOT-all.jar.jar
>>>>extracting callgraph info for pac4j-couch-4.0.0-RC2-SNAPSHOT.jar
>>>>extracting callgraph info for pac4j-cas-4.0.0-RC2-SNAPSHOT.jar
>>>>extracting callgraph info for pac4j-cas-4.0.0-RC2-SNAPSHOT-all.jar.jar
>>>>extracting callgraph info for pac4j-gae-4.0.0-RC2-SNAPSHOT-all.jar.jar
>>>>extracting callgraph info for pac4j-gae-4.0.0-RC2-SNAPSHOT.jar
>>>>extracting callgraph info for pac4j-springboot-4.0.0-RC2-SNAPSHOT-all.jar.jar
>>>>extracting callgraph info for pac4j-springboot-4.0.0-RC2-SNAPSHOT.jar
>>>>extracting callgraph info for pac4j-jwt-4.0.0-RC2-SNAPSHOT.jar
>>>>extracting callgraph info for pac4j-jwt-4.0.0-RC2-SNAPSHOT-all.jar.jar
>>>>extracting callgraph info for pac4j-sql-4.0.0-RC2-SNAPSHOT-all.jar.jar
>>>>extracting callgraph info for pac4j-sql-4.0.0-RC2-SNAPSHOT.jar
>>>>extracting callgraph info for pac4j-http-4.0.0-RC2-SNAPSHOT.jar
>>>>extracting callgraph info for pac4j-http-4.0.0-RC2-SNAPSHOT-all.jar.jar
>>>>extracting callgraph info for pac4j-oauth-4.0.0-RC2-SNAPSHOT.jar
>>>>extracting callgraph info for pac4j-oauth-4.0.0-RC2-SNAPSHOT-all.jar.jar
>>>>extracting callgraph info for pac4j-openid-4.0.0-RC2-SNAPSHOT.jar
>>>>extracting callgraph info for pac4j-openid-4.0.0-RC2-SNAPSHOT-all.jar.jar
>>>>extracting callgraph info for pac4j-core-4.0.0-RC2-SNAPSHOT-all.jar.jar
>>>>extracting callgraph info for pac4j-core-4.0.0-RC2-SNAPSHOT.jar
>>>>extracting callgraph infomation done.
<<<<<<<<<<<<<<<<<<<<<<<<<<<<<<<<<<<<<<<<<<<<<<<<<<<<<<<<<<<

>>>>Project No: 10
>>>>extracting infomation for  jmxtrans
<<<<<<<<<<<<<<<<<<<<<<<<<<<<<<<<<<<<<<<<<<<<<<<<<<<<<<<<<<<
>>>>extracting callgraph infomation of 52 jars
>>>>extracting callgraph info for jmxtrans-core-271-SNAPSHOT.jar
>>>>extracting callgraph info for jmxtrans-output-logback-271-SNAPSHOT.jar
>>>>extracting callgraph info for jmxtrans-output-jrobin-271-SNAPSHOT.jar
>>>>extracting callgraph info for jmxtrans-output-gelf-271-SNAPSHOT.jar
>>>>extracting callgraph info for jmxtrans-output-cloudwatch-271-SNAPSHOT.jar
>>>>extracting callgraph info for jmxtrans-output-velocity-271-SNAPSHOT.jar
>>>>extracting callgraph info for jmxtrans-output-influxdb-271-SNAPSHOT.jar
>>>>extracting callgraph info for jmxtrans-output-ganglia-271-SNAPSHOT.jar
>>>>extracting callgraph info for jmxtrans-output-kafka-271-SNAPSHOT.jar
>>>>extracting callgraph info for jmxtrans-output-elastic-271-SNAPSHOT.jar
>>>>extracting callgraph info for jmxtrans-output-core-271-SNAPSHOT.jar
>>>>extracting callgraph info for jmxtrans-output-core-271-SNAPSHOT.jar>>>>extracting method info of assertj-core...
>>>>writing to csv files...
>>>>done.
excute time:9016ms
>>>>extracting method info of dozer...
>>>>writing to csv files...
>>>>done.
excute time:3663ms
>>>>extracting method info of robovm...
>>>>writing to csv files...
>>>>done.
excute time:44154ms
mv: cannot stat '/root/repos/repos7/brave': No such file or directory
>>>>extracting method info of activemq...
>>>>writing to csv files...
>>>>done.
excute time:23530ms
>>>>extracting method info of kairosdb...
>>>>writing to csv files...
>>>>done.
excute time:3369ms

>>>>extracting callgraph info for jmxtrans-core-271-SNAPSHOT.jar
>>>>extracting callgraph info for jmxtrans-output-cloudwatch-271-SNAPSHOT.jar
>>>>extracting callgraph info for jmxtrans-output-gelf-271-SNAPSHOT.jar
>>>>extracting callgraph info for jmxtrans-output-influxdb-271-SNAPSHOT.jar
>>>>extracting callgraph info for jmxtrans-output-kafka-271-SNAPSHOT.jar
>>>>extracting callgraph info for jmxtrans-output-velocity-271-SNAPSHOT.jar
>>>>extracting callgraph info for jmxtrans-output-logback-271-SNAPSHOT.jar
>>>>extracting callgraph info for jmxtrans-output-ganglia-271-SNAPSHOT.jar
>>>>extracting callgraph info for jmxtrans-output-jrobin-271-SNAPSHOT.jar
>>>>extracting callgraph info for jmxtrans-utils-271-SNAPSHOT.jar
>>>>extracting callgraph info for jmxtrans-output-elastic-271-SNAPSHOT.jar
>>>>extracting callgraph info for jmxtrans-271-SNAPSHOT-all.jar
>>>>extracting callgraph info for jmxtrans-271-SNAPSHOT.jar
>>>>extracting callgraph info for jmxtrans-output-logback-271-SNAPSHOT.jar
>>>>extracting callgraph info for jmxtrans-core-271-SNAPSHOT.jar
>>>>extracting callgraph info for jmxtrans-output-jrobin-271-SNAPSHOT.jar
>>>>extracting callgraph info for jmxtrans-output-gelf-271-SNAPSHOT.jar
>>>>extracting callgraph info for jmxtrans-output-cloudwatch-271-SNAPSHOT.jar
>>>>extracting callgraph info for jmxtrans-output-velocity-271-SNAPSHOT.jar
>>>>extracting callgraph info for jmxtrans-output-influxdb-271-SNAPSHOT.jar
>>>>extracting callgraph info for jmxtrans-271-SNAPSHOT.jar
>>>>extracting callgraph info for jmxtrans-output-ganglia-271-SNAPSHOT.jar
>>>>extracting callgraph info for jmxtrans-output-kafka-271-SNAPSHOT.jar
>>>>extracting callgraph info for jmxtrans-output-elastic-271-SNAPSHOT.jar
>>>>extracting callgraph info for jmxtrans-utils-271-SNAPSHOT.jar
>>>>extracting callgraph info for jmxtrans-output-core-271-SNAPSHOT.jar
>>>>extracting callgraph info for jmxtrans-output-logback-271-SNAPSHOT.jar
>>>>extracting callgraph info for jmxtrans-core-271-SNAPSHOT.jar
>>>>extracting callgraph info for jmxtrans-output-jrobin-271-SNAPSHOT.jar
>>>>extracting callgraph info for jmxtrans-output-gelf-271-SNAPSHOT.jar
>>>>extracting callgraph info for jmxtrans-output-cloudwatch-271-SNAPSHOT.jar
>>>>extracting callgraph info for jmxtrans-output-velocity-271-SNAPSHOT.jar
>>>>extracting callgraph info for jmxtrans-output-influxdb-271-SNAPSHOT.jar
>>>>extracting callgraph info for jmxtrans-271-SNAPSHOT.jar
>>>>extracting callgraph info for jmxtrans-output-ganglia-271-SNAPSHOT.jar
>>>>extracting callgraph info for jmxtrans-output-kafka-271-SNAPSHOT.jar
>>>>extracting callgraph info for jmxtrans-output-elastic-271-SNAPSHOT.jar
>>>>extracting callgraph info for jmxtrans-utils-271-SNAPSHOT.jar
>>>>extracting callgraph info for jmxtrans-output-core-271-SNAPSHOT.jar
>>>>extracting callgraph info for jmxtrans-utils-271-SNAPSHOT.jar
>>>>extracting callgraph infomation done.
<<<<<<<<<<<<<<<<<<<<<<<<<<<<<<<<<<<<<<<<<<<<<<<<<<<<<<<<<<<

>>>>Project No: 11
>>>>extracting infomation for  assertj-core
<<<<<<<<<<<<<<<<<<<<<<<<<<<<<<<<<<<<<<<<<<<<<<<<<<<<<<<<<<<
>>>>extracting callgraph infomation of 1 jars
>>>>extracting callgraph info for assertj-core-3.14.1-SNAPSHOT.jar
>>>>extracting callgraph infomation done.
<<<<<<<<<<<<<<<<<<<<<<<<<<<<<<<<<<<<<<<<<<<<<<<<<<<<<<<<<<<

>>>>Project No: 12
>>>>extracting infomation for  dozer
<<<<<<<<<<<<<<<<<<<<<<<<<<<<<<<<<<<<<<<<<<<<<<<<<<<<<<<<<<<
>>>>extracting callgraph infomation of 6 jars
>>>>extracting callgraph info for dozer-building-tools-6.6.0-SNAPSHOT.jar
>>>>extracting callgraph info for dozer-spring4-6.6.0-SNAPSHOT.jar
>>>>extracting callgraph info for dozer-spring-boot-starter-6.6.0-SNAPSHOT.jar
>>>>extracting callgraph info for dozer-spring-boot-autoconfigure-6.6.0-SNAPSHOT.jar
>>>>extracting callgraph info for dozer-proto3-6.6.0-SNAPSHOT.jar
>>>>extracting callgraph info for dozer-core-6.6.0-SNAPSHOT.jar
>>>>extracting callgraph infomation done.
<<<<<<<<<<<<<<<<<<<<<<<<<<<<<<<<<<<<<<<<<<<<<<<<<<<<<<<<<<<

>>>>Project No: 13
>>>>extracting infomation for  robovm
<<<<<<<<<<<<<<<<<<<<<<<<<<<<<<<<<<<<<<<<<<<<<<<<<<<<<<<<<<<
>>>>extracting callgraph infomation of 7 jars
>>>>extracting callgraph info for robovm-llvm-1.8.0.jar
>>>>extracting callgraph info for robovm-cocoatouch-1.8.0.jar
>>>>extracting callgraph info for robovm-cacerts-full-1.8.0.jar
>>>>extracting callgraph info for robovm-libimobiledevice-1.8.0.jar
>>>>extracting callgraph info for robovm-rt-1.8.0.jar
>>>>extracting callgraph info for robovm-compiler-1.8.0.jar
>>>>extracting callgraph info for robovm-objc-1.8.0.jar
>>>>extracting callgraph infomation done.
<<<<<<<<<<<<<<<<<<<<<<<<<<<<<<<<<<<<<<<<<<<<<<<<<<<<<<<<<<<

<<<<<<<<<<<<<<<<<<<<<<<<<<<<<<<<<<<<<<<<<<<<<<<<<<<<<<<<<<<

>>>>Project No: 14
>>>>extracting infomation for  activemq
<<<<<<<<<<<<<<<<<<<<<<<<<<<<<<<<<<<<<<<<<<<<<<<<<<<<<<<<<<<
>>>>extracting callgraph infomation of 43 jars
>>>>extracting callgraph info for activemq-leveldb-store-5.16.0-SNAPSHOT.jar
>>>>extracting callgraph info for activemq-run-5.16.0-SNAPSHOT.jar
>>>>extracting callgraph info for activemq-blueprint-5.16.0-SNAPSHOT.jar
>>>>extracting callgraph info for activemq-stomp-5.16.0-SNAPSHOT.jar
>>>>extracting callgraph info for activemq-karaf-5.16.0-SNAPSHOT.jar
>>>>extracting callgraph info for activemq-runtime-config-5.16.0-SNAPSHOT.jar
>>>>extracting callgraph info for activemq-jdbc-store-5.16.0-SNAPSHOT.jar
>>>>extracting callgraph info for activemq-jms-pool-5.16.0-SNAPSHOT.jar
>>>>extracting callgraph info for activemq-mqtt-5.16.0-SNAPSHOT.jar
>>>>extracting callgraph info for activemq-spring-5.16.0-SNAPSHOT.jar
>>>>extracting callgraph info for activemq-protobuf-1.1.jar
>>>>extracting callgraph info for activemq-kahadb-store-5.16.0-SNAPSHOT.jar
>>>>extracting callgraph info for activemq-pool-5.16.0-SNAPSHOT.jar
>>>>extracting callgraph info for activemq-openwire-legacy-5.16.0-SNAPSHOT.jar
>>>>extracting callgraph info for activemq-client-5.16.0-SNAPSHOT.jar
>>>>extracting callgraph info for activemq-broker-5.16.0-SNAPSHOT.jar
>>>>extracting callgraph info for activemq-amqp-5.16.0-SNAPSHOT.jar
>>>>extracting callgraph info for activemq-ra-5.16.0-SNAPSHOT.jar
>>>>extracting callgraph info for activemq-openwire-legacy-5.16.0-SNAPSHOT.jar
>>>>extracting callgraph info for activemq-pool-5.16.0-SNAPSHOT.jar
>>>>extracting callgraph info for activemq-jaas-5.16.0-SNAPSHOT.jar
>>>>extracting callgraph info for activemq-openwire-generator-5.16.0-SNAPSHOT.jar
>>>>extracting callgraph info for activemq-console-5.16.0-SNAPSHOT.jar
>>>>extracting callgraph info for activemq-kahadb-store-5.16.0-SNAPSHOT.jar
>>>>extracting callgraph info for activemq-osgi-5.16.0-SNAPSHOT.jar
>>>>extracting callgraph info for activemq-camel-5.16.0-SNAPSHOT.jar
>>>>extracting callgraph info for activemq-shiro-5.16.0-SNAPSHOT.jar
>>>>extracting callgraph info for activemq-web-5.16.0-SNAPSHOT.jar
>>>>extracting callgraph info for activemq-cf-5.16.0-SNAPSHOT.jar
>>>>extracting callgraph info for activemq-client-5.16.0-SNAPSHOT.jar
>>>>extracting callgraph info for activemq-log4j-appender-5.16.0-SNAPSHOT.jar
>>>>extracting callgraph info for activemq-spring-5.16.0-SNAPSHOT.jar
>>>>extracting callgraph info for activemq-broker-5.16.0-SNAPSHOT.jar
>>>>extracting callgraph info for activemq-maven-plugin-5.16.0-SNAPSHOT.jar
>>>>extracting callgraph info for activemq-junit-5.16.0-SNAPSHOT.jar
>>>>extracting callgraph info for activemq-perf-maven-plugin-5.16.0-SNAPSHOT.jar
>>>>extracting callgraph info for activemq-mqtt-5.16.0-SNAPSHOT.jar
>>>>extracting callgraph info for activemq-amqp-5.16.0-SNAPSHOT.jar
>>>>extracting callgraph info for activemq-ra-5.16.0-SNAPSHOT.jar
>>>>extracting callgraph info for activemq-all-5.16.0-SNAPSHOT.jar
>>>>extracting callgraph info for activemq-http-5.16.0-SNAPSHOT.jar
>>>>extracting callgraph info for activemq-partition-5.16.0-SNAPSHOT.jar
>>>>extracting callgraph info for activemq-jms-pool-5.16.0-SNAPSHOT.jar
>>>>extracting callgraph infomation done.
<<<<<<<<<<<<<<<<<<<<<<<<<<<<<<<<<<<<<<<<<<<<<<<<<<<<<<<<<<<

>>>>Project No: 15
>>>>extracting infomation for  kairosdb
<<<<<<<<<<<<<<<<<<<<<<<<<<<<<<<<<<<<<<<<<<<<<<<<<<<<<<<<<<<mv: cannot stat '/root/repos/repos7/Gaffer': No such file or directory
>>>>extracting method info of spring-data-jpa...
>>>>writing to csv files...
>>>>done.
excute time:2916ms
>>>>extracting method info of apollo...
>>>>writing to csv files...
>>>>done.
excute time:2596ms
>>>>extracting method info of maxwell...
>>>>writing to csv files...
>>>>done.
excute time:3157ms
>>>>extracting method info of exhibitor...
>>>>writing to csv files...
>>>>done.
excute time:2632ms
>>>>extracting method info of HdrHistogram...
>>>>writing to csv files...
>>>>done.
excute time:2560ms

>>>>extracting callgraph infomation of 1 jars
>>>>extracting callgraph info for kairosdb-1.3.0-0.1beta.jar
>>>>extracting callgraph infomation done.
<<<<<<<<<<<<<<<<<<<<<<<<<<<<<<<<<<<<<<<<<<<<<<<<<<<<<<<<<<<

<<<<<<<<<<<<<<<<<<<<<<<<<<<<<<<<<<<<<<<<<<<<<<<<<<<<<<<<<<<

>>>>Project No: 16
>>>>extracting infomation for  spring-data-jpa
<<<<<<<<<<<<<<<<<<<<<<<<<<<<<<<<<<<<<<<<<<<<<<<<<<<<<<<<<<<
>>>>extracting callgraph infomation of 1 jars
>>>>extracting callgraph info for spring-data-jpa-2.3.0.BUILD-SNAPSHOT.jar
>>>>extracting callgraph infomation done.
<<<<<<<<<<<<<<<<<<<<<<<<<<<<<<<<<<<<<<<<<<<<<<<<<<<<<<<<<<<

>>>>Project No: 17
>>>>extracting infomation for  apollo
<<<<<<<<<<<<<<<<<<<<<<<<<<<<<<<<<<<<<<<<<<<<<<<<<<<<<<<<<<<
>>>>extracting callgraph infomation of 11 jars
>>>>extracting callgraph info for apollo-api-1.14.2-SNAPSHOT.jar
>>>>extracting callgraph info for apollo-extra-1.14.2-SNAPSHOT.jar
>>>>extracting callgraph info for apollo-core-1.14.2-SNAPSHOT.jar
>>>>extracting callgraph info for apollo-metrics-1.14.2-SNAPSHOT.jar
>>>>extracting callgraph info for apollo-okhttp-client-1.14.2-SNAPSHOT.jar
>>>>extracting callgraph info for apollo-jetty-http-server-1.14.2-SNAPSHOT.jar
>>>>extracting callgraph info for apollo-api-impl-1.14.2-SNAPSHOT.jar
>>>>extracting callgraph info for apollo-http-service-1.14.2-SNAPSHOT.jar
>>>>extracting callgraph info for apollo-environment-1.14.2-SNAPSHOT.jar
>>>>extracting callgraph info for apollo-route-1.14.2-SNAPSHOT.jar
>>>>extracting callgraph info for apollo-entity-1.14.2-SNAPSHOT.jar
>>>>extracting callgraph infomation done.
<<<<<<<<<<<<<<<<<<<<<<<<<<<<<<<<<<<<<<<<<<<<<<<<<<<<<<<<<<<

>>>>Project No: 18
>>>>extracting infomation for  maxwell
<<<<<<<<<<<<<<<<<<<<<<<<<<<<<<<<<<<<<<<<<<<<<<<<<<<<<<<<<<<
>>>>extracting callgraph infomation of 2 jars
>>>>extracting callgraph info for maxwell-1.23.2.jar
>>>>extracting callgraph info for maxwell-1.23.2.jar
>>>>extracting callgraph infomation done.
<<<<<<<<<<<<<<<<<<<<<<<<<<<<<<<<<<<<<<<<<<<<<<<<<<<<<<<<<<<

>>>>Project No: 19
>>>>extracting infomation for  exhibitor
<<<<<<<<<<<<<<<<<<<<<<<<<<<<<<<<<<<<<<<<<<<<<<<<<<<<<<<<<<<
>>>>extracting callgraph infomation of 2 jars
>>>>extracting callgraph info for exhibitor-core-1.7.2-SNAPSHOT.jar
>>>>extracting callgraph info for exhibitor-standalone-1.7.2-SNAPSHOT.jar
>>>>extracting callgraph infomation done.
<<<<<<<<<<<<<<<<<<<<<<<<<<<<<<<<<<<<<<<<<<<<<<<<<<<<<<<<<<<

>>>>Project No: 20
>>>>extracting infomation for  HdrHistogram
<<<<<<<<<<<<<<<<<<<<<<<<<<<<<<<<<<<<<<<<<<<<<<<<<<<<<<<<<<<
>>>>extracting callgraph infomation of 2 jars
>>>>extracting callgraph info for HdrHistogram.jar
>>>>extracting callgraph info for HdrHistogram-2.1.12-SNAPSHOT.jar
>>>>extracting callgraph infomation done.
<<<<<<<<<<<<<<<<<<<<<<<<<<<<<<<<<<<<<<<<<<<<<<<<<<<<<<<<<<<

===============================
all projects count: 22
analyzed projects count: 20
analyzed jars count: 1055
missed projects: ['brave', 'Gaffer']
all time used: 1752.9004719257355 s
===============================
